Vercel CLI 47.0.5
Retrieving project…
Deploying infinityxone-team/infinity_ai_swarm
Inspect: https://vercel.com/infinityxone-team/infinity_ai_swarm/Dp7rGiNBdkLRs6dSkRrfpjx9XpfF [1s]
Production: https://infinityaiswarm-4b1jhaoaa-infinityxone-team.vercel.app [1s]
https://infinityaiswarm-4b1jhaoaa-infinityxone-team.vercel.appQueued
Building
Error: Command "npm run build" exited with 1

2025-09-08T07:52:58.299Z  Running build in Washington, D.C., USA (East) – iad1
2025-09-08T07:52:58.299Z  Build machine configuration: 2 cores, 8 GB
2025-09-08T07:52:58.313Z  Retrieving list of deployment files...
2025-09-08T07:52:58.838Z  Downloading 19 deployment files...
2025-09-08T07:53:00.273Z  Restored build cache from previous deployment (Ltj37NdfJmjJXZp5XApJeAZ8h2c3)
2025-09-08T07:53:00.550Z  Running "vercel build"
2025-09-08T07:53:00.937Z  Vercel CLI 47.0.5
2025-09-08T07:53:01.277Z  Installing dependencies...
2025-09-08T07:53:16.062Z  
2025-09-08T07:53:16.063Z  added 91 packages, removed 278 packages, and changed 10 packages in 14s
2025-09-08T07:53:16.063Z  
2025-09-08T07:53:16.064Z  35 packages are looking for funding
2025-09-08T07:53:16.064Z    run `npm fund` for details
2025-09-08T07:53:16.100Z  Detected Next.js version: 13.5.11
2025-09-08T07:53:16.103Z  Running "npm run build"
2025-09-08T07:53:16.213Z  
2025-09-08T07:53:16.213Z  > infinity-x-one-cockpit@0.1.0 build
2025-09-08T07:53:16.213Z  > next build
2025-09-08T07:53:16.213Z  
2025-09-08T07:53:16.811Z     Linting and checking validity of types ...
2025-09-08T07:53:16.988Z     Creating an optimized production build ...
2025-09-08T07:53:18.490Z  Failed to compile.
2025-09-08T07:53:18.491Z  
2025-09-08T07:53:18.491Z  ./pages/agents.js
2025-09-08T07:53:18.491Z  Error: 
2025-09-08T07:53:18.491Z    [31mx[0m Expected ',', got '{'
2025-09-08T07:53:18.491Z       ,-[[36;1;4m/vercel/path1/pages/agents.js[0m:113:1]
2025-09-08T07:53:18.491Z   [2m113[0m |           </div>
2025-09-08T07:53:18.492Z   [2m114[0m |         </div>
2025-09-08T07:53:18.492Z   [2m115[0m | 
2025-09-08T07:53:18.492Z   [2m116[0m |         {/* System service status */}
2025-09-08T07:53:18.492Z       : [31;1m        ^[0m
2025-09-08T07:53:18.492Z   [2m117[0m |         <div className="border border-gray-700 rounded-lg p-4">
2025-09-08T07:53:18.492Z   [2m118[0m |           <h2 className="text-lg font-semibold text-primary-lime">System Services</h2>
2025-09-08T07:53:18.492Z   [2m119[0m |           <p className="text-sm">Resource Allocator: <span className="text-primary-lime">Active</span></p>
2025-09-08T07:53:18.492Z       `----
2025-09-08T07:53:18.492Z  
2025-09-08T07:53:18.493Z  Caused by:
2025-09-08T07:53:18.493Z      Syntax Error
2025-09-08T07:53:18.493Z  
2025-09-08T07:53:18.493Z  Import trace for requested module:
2025-09-08T07:53:18.493Z  ./pages/agents.js
2025-09-08T07:53:18.493Z  
2025-09-08T07:53:18.493Z  
2025-09-08T07:53:18.493Z  > Build failed because of webpack errors
2025-09-08T07:53:18.535Z  Error: Command "npm run build" exited with 1
