🚀 [SUPER-SETUP] Starting Infinity X One install at Tue Sep 16 12:43:32 AM EDT 2025
Hit:1 https://deb.debian.org/debian bookworm InRelease
Get:2 https://deb.debian.org/debian bookworm-updates InRelease [55.4 kB]
Get:3 https://deb.debian.org/debian-security bookworm-security InRelease [48.0 kB]
Ign:4 https://storage.googleapis.com/cros-packages/139 bookworm InRelease
Get:5 https://packages.microsoft.com/debian/11/prod bullseye InRelease [3,650 B]
Hit:6 https://storage.googleapis.com/cros-packages/139 bookworm Release
Hit:7 http://packages.cloud.google.com/apt cloud-sdk InRelease
Fetched 107 kB in 2s (48.2 kB/s)
Reading package lists...
Reading package lists...
Building dependency tree...
Reading state information...
unzip is already the newest version (6.0-28).
python3-pip is already the newest version (23.0.1+dfsg-1).
0 upgraded, 0 newly installed, 0 to remove and 91 not upgraded.
error: externally-managed-environment

× This environment is externally managed
╰─> To install Python packages system-wide, try apt install
    python3-xyz, where xyz is the package you are trying to
    install.
    
    If you wish to install a non-Debian-packaged Python package,
    create a virtual environment using python3 -m venv path/to/venv.
    Then use path/to/venv/bin/python and path/to/venv/bin/pip. Make
    sure you have python3-full installed.
    
    If you wish to install a non-Debian packaged Python application,
    it may be easiest to use pipx install xyz, which will manage a
    virtual environment for you. Make sure you have pipx installed.
    
    See /usr/share/doc/python3.11/README.venv for more information.

note: If you believe this is a mistake, please contact your Python installation or OS distribution provider. You can override this, at the risk of breaking your Python installation or OS, by passing --break-system-packages.
hint: See PEP 668 for the detailed specification.
