Setting up watches.  Beware: since -r was given, this may take a while!
Watches established.
fatal: Unable to create '/opt/infinity_x_one/.git/index.lock': File exists.

Another git process seems to be running in this repository, e.g.
an editor opened by 'git commit'. Please make sure all processes
are terminated then try again. If it still fails, a git process
may have crashed in this repository earlier:
remove the file manually to continue.
fatal: Unable to create '/opt/infinity_x_one/.git/index.lock': File exists.

Another git process seems to be running in this repository, e.g.
an editor opened by 'git commit'. Please make sure all processes
are terminated then try again. If it still fails, a git process
may have crashed in this repository earlier:
remove the file manually to continue.
To github.com:InfinityXone/infinity_x_one.git
 ! [remote rejected] main -> main (cannot lock ref 'refs/heads/main': is at 7080f8fe78529c91156dc3facc0f1a85e841e59b but expected 42f2318dd9aa357974be25196503c1686a75dc8f)
error: failed to push some refs to 'github.com:InfinityXone/infinity_x_one.git'
To github.com:InfinityXone/infinity_x_one.git
   7080f8f..719ea0c  main -> main
fatal: Unable to create '/opt/infinity_x_one/.git/index.lock': File exists.

Another git process seems to be running in this repository, e.g.
an editor opened by 'git commit'. Please make sure all processes
are terminated then try again. If it still fails, a git process
may have crashed in this repository earlier:
remove the file manually to continue.
fatal: Unable to create '/opt/infinity_x_one/.git/index.lock': File exists.

Another git process seems to be running in this repository, e.g.
an editor opened by 'git commit'. Please make sure all processes
are terminated then try again. If it still fails, a git process
may have crashed in this repository earlier:
remove the file manually to continue.
To github.com:InfinityXone/infinity_x_one.git
   719ea0c..b827622  main -> main
Everything up-to-date
cp: cannot create regular file '/opt/infinity_x_one/test_autodownload_1758245721.txt': File exists
fatal: Unable to create '/opt/infinity_x_one/.git/index.lock': File exists.

Another git process seems to be running in this repository, e.g.
an editor opened by 'git commit'. Please make sure all processes
are terminated then try again. If it still fails, a git process
may have crashed in this repository earlier:
remove the file manually to continue.
fatal: Unable to create '/opt/infinity_x_one/.git/index.lock': File exists.

Another git process seems to be running in this repository, e.g.
an editor opened by 'git commit'. Please make sure all processes
are terminated then try again. If it still fails, a git process
may have crashed in this repository earlier:
remove the file manually to continue.
To github.com:InfinityXone/infinity_x_one.git
   82ed0d5..b421b02  main -> main
To github.com:InfinityXone/infinity_x_one.git
 ! [remote rejected] main -> main (cannot lock ref 'refs/heads/main': is at 04f4da4c0d0e4fbefcd102390936db59c75b4fed but expected b421b02c6dbeebb02d38a6fd67de5782a80594e7)
error: failed to push some refs to 'github.com:InfinityXone/infinity_x_one.git'
fatal: Unable to create '/opt/infinity_x_one/.git/index.lock': File exists.

Another git process seems to be running in this repository, e.g.
an editor opened by 'git commit'. Please make sure all processes
are terminated then try again. If it still fails, a git process
may have crashed in this repository earlier:
remove the file manually to continue.
fatal: Unable to create '/opt/infinity_x_one/.git/index.lock': File exists.

Another git process seems to be running in this repository, e.g.
an editor opened by 'git commit'. Please make sure all processes
are terminated then try again. If it still fails, a git process
may have crashed in this repository earlier:
remove the file manually to continue.
To github.com:InfinityXone/infinity_x_one.git
   04f4da4..b5d35c1  main -> main
To github.com:InfinityXone/infinity_x_one.git
 ! [remote rejected] main -> main (cannot lock ref 'refs/heads/main': is at 92f9990c577fe88962300b13420a46a97255e122 but expected b5d35c171973b1625990eecfd46f9ebe54b1ed98)
error: failed to push some refs to 'github.com:InfinityXone/infinity_x_one.git'
fatal: Unable to create '/opt/infinity_x_one/.git/index.lock': File exists.

Another git process seems to be running in this repository, e.g.
an editor opened by 'git commit'. Please make sure all processes
are terminated then try again. If it still fails, a git process
may have crashed in this repository earlier:
remove the file manually to continue.
fatal: Unable to create '/opt/infinity_x_one/.git/index.lock': File exists.

Another git process seems to be running in this repository, e.g.
an editor opened by 'git commit'. Please make sure all processes
are terminated then try again. If it still fails, a git process
may have crashed in this repository earlier:
remove the file manually to continue.
To github.com:InfinityXone/infinity_x_one.git
   92f9990..cb78197  main -> main
To github.com:InfinityXone/infinity_x_one.git
   cb78197..c17d498  main -> main
