[Mon Sep 15 06:32:10 PM EDT 2025] ▶️ Executing /opt/infinity_x_one/scripts/recursive_listener.sh
[Mon Sep 15 06:32:10 PM EDT 2025] ▶️ Executing /opt/infinity_x_one/scripts/recursive_listener.sh
[Mon Sep 15 06:32:10 PM EDT 2025] ⚠️ /opt/infinity_x_one/scripts/recursive_listener.sh not executable (chmod +x needed)
[Mon Sep 15 06:32:10 PM EDT 2025] ⚠️ /opt/infinity_x_one/scripts/recursive_listener.sh not executable (chmod +x needed)
[Mon Sep 15 06:32:11 PM EDT 2025] ❤️ Runner heartbeat
[Mon Sep 15 06:32:11 PM EDT 2025] ❤️ Runner heartbeat
[Mon Sep 15 06:32:45 PM EDT 2025] ❤️ Runner heartbeat
[Mon Sep 15 06:32:45 PM EDT 2025] ❤️ Runner heartbeat
[Mon Sep 15 06:33:16 PM EDT 2025] ❤️ Runner heartbeat
[Mon Sep 15 06:33:16 PM EDT 2025] ❤️ Runner heartbeat
[Mon Sep 15 06:33:46 PM EDT 2025] ❤️ Runner heartbeat
[Mon Sep 15 06:33:46 PM EDT 2025] ❤️ Runner heartbeat
[Mon Sep 15 06:34:17 PM EDT 2025] ❤️ Runner heartbeat
[Mon Sep 15 06:34:17 PM EDT 2025] ❤️ Runner heartbeat
[Mon Sep 15 06:34:47 PM EDT 2025] ❤️ Runner heartbeat
[Mon Sep 15 06:34:47 PM EDT 2025] ❤️ Runner heartbeat
[Mon Sep 15 06:35:17 PM EDT 2025] ❤️ Runner heartbeat
[Mon Sep 15 06:35:17 PM EDT 2025] ❤️ Runner heartbeat
[Mon Sep 15 06:35:48 PM EDT 2025] ❤️ Runner heartbeat
[Mon Sep 15 06:35:48 PM EDT 2025] ❤️ Runner heartbeat
[Mon Sep 15 06:36:18 PM EDT 2025] ▶️ Executing /opt/infinity_x_one/scripts/load_env.sh
[Mon Sep 15 06:36:18 PM EDT 2025] ▶️ Executing /opt/infinity_x_one/scripts/load_env.sh
Usage: source scripts/load_env.sh [dev|stage|prod]
/opt/infinity_x_one/scripts/load_env.sh: line 5: return: can only `return' from a function or sourced script
/opt/infinity_x_one/scripts/load_env.sh: line 8: syntax error near unexpected token `('
/opt/infinity_x_one/scripts/load_env.sh: line 8: `  export \$(grep -v '^#' /opt/infinity_x_one/env/.env.$ENV_NAME | xargs)'
[Mon Sep 15 06:36:18 PM EDT 2025] ✅ Finished /opt/infinity_x_one/scripts/load_env.sh
Usage: source scripts/load_env.sh [dev|stage|prod]
/opt/infinity_x_one/scripts/load_env.sh: line 5: return: can only `return' from a function or sourced script
/opt/infinity_x_one/scripts/load_env.sh: line 8: syntax error near unexpected token `('
/opt/infinity_x_one/scripts/load_env.sh: line 8: `  export \$(grep -v '^#' /opt/infinity_x_one/env/.env.$ENV_NAME | xargs)'
[Mon Sep 15 06:36:18 PM EDT 2025] ✅ Finished /opt/infinity_x_one/scripts/load_env.sh
[Mon Sep 15 06:36:18 PM EDT 2025] ❤️ Runner heartbeat
[Mon Sep 15 06:36:18 PM EDT 2025] ❤️ Runner heartbeat
[Mon Sep 15 06:36:52 PM EDT 2025] ▶️ Executing /opt/infinity_x_one/scripts/load_env.sh
[Mon Sep 15 06:36:52 PM EDT 2025] ▶️ Executing /opt/infinity_x_one/scripts/load_env.sh
Usage: source scripts/load_env.sh [dev|stage|prod]
/opt/infinity_x_one/scripts/load_env.sh: line 5: return: can only `return' from a function or sourced script
/opt/infinity_x_one/scripts/load_env.sh: line 8: syntax error near unexpected token `('
/opt/infinity_x_one/scripts/load_env.sh: line 8: `  export \$(grep -v '^#' /opt/infinity_x_one/env/.env.$ENV_NAME | xargs)'
Usage: source scripts/load_env.sh [dev|stage|prod]
/opt/infinity_x_one/scripts/load_env.sh: line 5: return: can only `return' from a function or sourced script
/opt/infinity_x_one/scripts/load_env.sh: line 8: syntax error near unexpected token `('
/opt/infinity_x_one/scripts/load_env.sh: line 8: `  export \$(grep -v '^#' /opt/infinity_x_one/env/.env.$ENV_NAME | xargs)'
[Mon Sep 15 06:36:52 PM EDT 2025] ✅ Finished /opt/infinity_x_one/scripts/load_env.sh
[Mon Sep 15 06:36:52 PM EDT 2025] ✅ Finished /opt/infinity_x_one/scripts/load_env.sh
[Mon Sep 15 06:36:54 PM EDT 2025] ❤️ Runner heartbeat
[Mon Sep 15 06:36:54 PM EDT 2025] ❤️ Runner heartbeat
[Mon Sep 15 06:37:36 PM EDT 2025] ▶️ Executing /opt/infinity_x_one/scripts/load_env.sh
[Mon Sep 15 06:37:36 PM EDT 2025] ▶️ Executing /opt/infinity_x_one/scripts/load_env.sh
Usage: source scripts/load_env.sh [dev|stage|prod]
Usage: source scripts/load_env.sh [dev|stage|prod]
/opt/infinity_x_one/scripts/load_env.sh: line 5: return: can only `return' from a function or sourced script
/opt/infinity_x_one/scripts/load_env.sh: line 5: return: can only `return' from a function or sourced script
/opt/infinity_x_one/scripts/load_env.sh: line 8: syntax error near unexpected token `('
/opt/infinity_x_one/scripts/load_env.sh: line 8: `  export \$(grep -v '^#' /opt/infinity_x_one/env/.env.$ENV_NAME | xargs)'
/opt/infinity_x_one/scripts/load_env.sh: line 8: syntax error near unexpected token `('
/opt/infinity_x_one/scripts/load_env.sh: line 8: `  export \$(grep -v '^#' /opt/infinity_x_one/env/.env.$ENV_NAME | xargs)'
[Mon Sep 15 06:37:36 PM EDT 2025] ✅ Finished /opt/infinity_x_one/scripts/load_env.sh
[Mon Sep 15 06:37:36 PM EDT 2025] ✅ Finished /opt/infinity_x_one/scripts/load_env.sh
[Mon Sep 15 06:37:39 PM EDT 2025] ❤️ Runner heartbeat
[Mon Sep 15 06:37:39 PM EDT 2025] ❤️ Runner heartbeat
[Mon Sep 15 06:38:39 PM EDT 2025] ▶️ Executing /opt/infinity_x_one/scripts/load_env.sh
[Mon Sep 15 06:38:39 PM EDT 2025] ▶️ Executing /opt/infinity_x_one/scripts/load_env.sh
Usage: source scripts/load_env.sh [dev|stage|prod]
/opt/infinity_x_one/scripts/load_env.sh: line 5: return: can only `return' from a function or sourced script
/opt/infinity_x_one/scripts/load_env.sh: line 8: syntax error near unexpected token `('
/opt/infinity_x_one/scripts/load_env.sh: line 8: `  export \$(grep -v '^#' /opt/infinity_x_one/env/.env.$ENV_NAME | xargs)'
Usage: source scripts/load_env.sh [dev|stage|prod]
[Mon Sep 15 06:38:39 PM EDT 2025] ✅ Finished /opt/infinity_x_one/scripts/load_env.sh
/opt/infinity_x_one/scripts/load_env.sh: line 5: return: can only `return' from a function or sourced script
/opt/infinity_x_one/scripts/load_env.sh: line 8: syntax error near unexpected token `('
/opt/infinity_x_one/scripts/load_env.sh: line 8: `  export \$(grep -v '^#' /opt/infinity_x_one/env/.env.$ENV_NAME | xargs)'
[Mon Sep 15 06:38:39 PM EDT 2025] ✅ Finished /opt/infinity_x_one/scripts/load_env.sh
[Mon Sep 15 06:38:46 PM EDT 2025] ❤️ Runner heartbeat
[Mon Sep 15 06:38:46 PM EDT 2025] ❤️ Runner heartbeat
[Mon Sep 15 06:39:21 PM EDT 2025] ▶️ Executing /opt/infinity_x_one/scripts/load_env.sh
[Mon Sep 15 06:39:21 PM EDT 2025] ▶️ Executing /opt/infinity_x_one/scripts/load_env.sh
Usage: source scripts/load_env.sh [dev|stage|prod]
Usage: source scripts/load_env.sh [dev|stage|prod]
/opt/infinity_x_one/scripts/load_env.sh: line 5: return: can only `return' from a function or sourced script
/opt/infinity_x_one/scripts/load_env.sh: line 5: return: can only `return' from a function or sourced script
/opt/infinity_x_one/scripts/load_env.sh: line 8: syntax error near unexpected token `('
/opt/infinity_x_one/scripts/load_env.sh: line 8: `  export \$(grep -v '^#' /opt/infinity_x_one/env/.env.$ENV_NAME | xargs)'
/opt/infinity_x_one/scripts/load_env.sh: line 8: syntax error near unexpected token `('
/opt/infinity_x_one/scripts/load_env.sh: line 8: `  export \$(grep -v '^#' /opt/infinity_x_one/env/.env.$ENV_NAME | xargs)'
[Mon Sep 15 06:39:21 PM EDT 2025] ✅ Finished /opt/infinity_x_one/scripts/load_env.sh
[Mon Sep 15 06:39:21 PM EDT 2025] ✅ Finished /opt/infinity_x_one/scripts/load_env.sh
[Mon Sep 15 06:39:21 PM EDT 2025] ❤️ Runner heartbeat
[Mon Sep 15 06:39:21 PM EDT 2025] ❤️ Runner heartbeat
[Mon Sep 15 06:39:58 PM EDT 2025] ▶️ Executing /opt/infinity_x_one/scripts/load_env.sh
[Mon Sep 15 06:39:58 PM EDT 2025] ▶️ Executing /opt/infinity_x_one/scripts/load_env.sh
Usage: source scripts/load_env.sh [dev|stage|prod]
Usage: source scripts/load_env.sh [dev|stage|prod]
/opt/infinity_x_one/scripts/load_env.sh: line 5: return: can only `return' from a function or sourced script
/opt/infinity_x_one/scripts/load_env.sh: line 8: syntax error near unexpected token `('
/opt/infinity_x_one/scripts/load_env.sh: line 8: `  export \$(grep -v '^#' /opt/infinity_x_one/env/.env.$ENV_NAME | xargs)'
[Mon Sep 15 06:39:58 PM EDT 2025] ✅ Finished /opt/infinity_x_one/scripts/load_env.sh
/opt/infinity_x_one/scripts/load_env.sh: line 5: return: can only `return' from a function or sourced script
/opt/infinity_x_one/scripts/load_env.sh: line 8: syntax error near unexpected token `('
/opt/infinity_x_one/scripts/load_env.sh: line 8: `  export \$(grep -v '^#' /opt/infinity_x_one/env/.env.$ENV_NAME | xargs)'
[Mon Sep 15 06:39:58 PM EDT 2025] ✅ Finished /opt/infinity_x_one/scripts/load_env.sh
[Mon Sep 15 06:40:15 PM EDT 2025] ❤️ Runner heartbeat
[Mon Sep 15 06:40:18 PM EDT 2025] ❤️ Runner heartbeat
[Mon Sep 15 06:40:55 PM EDT 2025] ▶️ Executing /opt/infinity_x_one/scripts/load_env.sh
[Mon Sep 15 06:40:55 PM EDT 2025] ▶️ Executing /opt/infinity_x_one/scripts/load_env.sh
Usage: source scripts/load_env.sh [dev|stage|prod]
Usage: source scripts/load_env.sh [dev|stage|prod]
/opt/infinity_x_one/scripts/load_env.sh: line 5: return: can only `return' from a function or sourced script
/opt/infinity_x_one/scripts/load_env.sh: line 5: return: can only `return' from a function or sourced script
/opt/infinity_x_one/scripts/load_env.sh: line 8: syntax error near unexpected token `('
/opt/infinity_x_one/scripts/load_env.sh: line 8: `  export \$(grep -v '^#' /opt/infinity_x_one/env/.env.$ENV_NAME | xargs)'
/opt/infinity_x_one/scripts/load_env.sh: line 8: syntax error near unexpected token `('
/opt/infinity_x_one/scripts/load_env.sh: line 8: `  export \$(grep -v '^#' /opt/infinity_x_one/env/.env.$ENV_NAME | xargs)'
[Mon Sep 15 06:40:55 PM EDT 2025] ✅ Finished /opt/infinity_x_one/scripts/load_env.sh
[Mon Sep 15 06:40:55 PM EDT 2025] ✅ Finished /opt/infinity_x_one/scripts/load_env.sh
[Mon Sep 15 06:40:56 PM EDT 2025] ❤️ Runner heartbeat
[Mon Sep 15 06:40:57 PM EDT 2025] ❤️ Runner heartbeat
[Mon Sep 15 06:41:29 PM EDT 2025] ▶️ Executing /opt/infinity_x_one/scripts/load_env.sh
[Mon Sep 15 06:41:29 PM EDT 2025] ▶️ Executing /opt/infinity_x_one/scripts/load_env.sh
Usage: source scripts/load_env.sh [dev|stage|prod]
Usage: source scripts/load_env.sh [dev|stage|prod]
/opt/infinity_x_one/scripts/load_env.sh: line 5: return: can only `return' from a function or sourced script
/opt/infinity_x_one/scripts/load_env.sh: line 5: return: can only `return' from a function or sourced script
/opt/infinity_x_one/scripts/load_env.sh: line 8: syntax error near unexpected token `('
/opt/infinity_x_one/scripts/load_env.sh: line 8: `  export \$(grep -v '^#' /opt/infinity_x_one/env/.env.$ENV_NAME | xargs)'
/opt/infinity_x_one/scripts/load_env.sh: line 8: syntax error near unexpected token `('
/opt/infinity_x_one/scripts/load_env.sh: line 8: `  export \$(grep -v '^#' /opt/infinity_x_one/env/.env.$ENV_NAME | xargs)'
[Mon Sep 15 06:41:29 PM EDT 2025] ✅ Finished /opt/infinity_x_one/scripts/load_env.sh
[Mon Sep 15 06:41:29 PM EDT 2025] ✅ Finished /opt/infinity_x_one/scripts/load_env.sh
[Mon Sep 15 06:41:30 PM EDT 2025] ❤️ Runner heartbeat
[Mon Sep 15 06:41:30 PM EDT 2025] ❤️ Runner heartbeat
[Mon Sep 15 06:42:10 PM EDT 2025] ▶️ Executing /opt/infinity_x_one/scripts/load_env.sh
[Mon Sep 15 06:42:10 PM EDT 2025] ▶️ Executing /opt/infinity_x_one/scripts/load_env.sh
Usage: source scripts/load_env.sh [dev|stage|prod]
/opt/infinity_x_one/scripts/load_env.sh: line 5: return: can only `return' from a function or sourced script
/opt/infinity_x_one/scripts/load_env.sh: line 8: syntax error near unexpected token `('
/opt/infinity_x_one/scripts/load_env.sh: line 8: `  export \$(grep -v '^#' /opt/infinity_x_one/env/.env.$ENV_NAME | xargs)'
[Mon Sep 15 06:42:10 PM EDT 2025] ✅ Finished /opt/infinity_x_one/scripts/load_env.sh
Usage: source scripts/load_env.sh [dev|stage|prod]
/opt/infinity_x_one/scripts/load_env.sh: line 5: return: can only `return' from a function or sourced script
/opt/infinity_x_one/scripts/load_env.sh: line 8: syntax error near unexpected token `('
/opt/infinity_x_one/scripts/load_env.sh: line 8: `  export \$(grep -v '^#' /opt/infinity_x_one/env/.env.$ENV_NAME | xargs)'
[Mon Sep 15 06:42:10 PM EDT 2025] ✅ Finished /opt/infinity_x_one/scripts/load_env.sh
[Mon Sep 15 06:42:11 PM EDT 2025] ❤️ Runner heartbeat
[Mon Sep 15 06:42:11 PM EDT 2025] ❤️ Runner heartbeat
[Mon Sep 15 06:42:59 PM EDT 2025] ▶️ Executing /opt/infinity_x_one/scripts/load_env.sh
[Mon Sep 15 06:42:59 PM EDT 2025] ▶️ Executing /opt/infinity_x_one/scripts/load_env.sh
Usage: source scripts/load_env.sh [dev|stage|prod]
Usage: source scripts/load_env.sh [dev|stage|prod]
/opt/infinity_x_one/scripts/load_env.sh: line 5: return: can only `return' from a function or sourced script
/opt/infinity_x_one/scripts/load_env.sh: line 5: return: can only `return' from a function or sourced script
/opt/infinity_x_one/scripts/load_env.sh: line 8: syntax error near unexpected token `('
/opt/infinity_x_one/scripts/load_env.sh: line 8: `  export \$(grep -v '^#' /opt/infinity_x_one/env/.env.$ENV_NAME | xargs)'
/opt/infinity_x_one/scripts/load_env.sh: line 8: syntax error near unexpected token `('
/opt/infinity_x_one/scripts/load_env.sh: line 8: `  export \$(grep -v '^#' /opt/infinity_x_one/env/.env.$ENV_NAME | xargs)'
[Mon Sep 15 06:42:59 PM EDT 2025] ✅ Finished /opt/infinity_x_one/scripts/load_env.sh
[Mon Sep 15 06:42:59 PM EDT 2025] ✅ Finished /opt/infinity_x_one/scripts/load_env.sh
[Mon Sep 15 06:43:03 PM EDT 2025] ❤️ Runner heartbeat
[Mon Sep 15 06:43:02 PM EDT 2025] ❤️ Runner heartbeat
[Mon Sep 15 06:43:33 PM EDT 2025] ▶️ Executing /opt/infinity_x_one/scripts/load_env.sh
[Mon Sep 15 06:43:33 PM EDT 2025] ▶️ Executing /opt/infinity_x_one/scripts/load_env.sh
Usage: source scripts/load_env.sh [dev|stage|prod]
/opt/infinity_x_one/scripts/load_env.sh: line 5: return: can only `return' from a function or sourced script
/opt/infinity_x_one/scripts/load_env.sh: line 8: syntax error near unexpected token `('
/opt/infinity_x_one/scripts/load_env.sh: line 8: `  export \$(grep -v '^#' /opt/infinity_x_one/env/.env.$ENV_NAME | xargs)'
[Mon Sep 15 06:43:33 PM EDT 2025] ✅ Finished /opt/infinity_x_one/scripts/load_env.sh
Usage: source scripts/load_env.sh [dev|stage|prod]
/opt/infinity_x_one/scripts/load_env.sh: line 5: return: can only `return' from a function or sourced script
/opt/infinity_x_one/scripts/load_env.sh: line 8: syntax error near unexpected token `('
/opt/infinity_x_one/scripts/load_env.sh: line 8: `  export \$(grep -v '^#' /opt/infinity_x_one/env/.env.$ENV_NAME | xargs)'
[Mon Sep 15 06:43:33 PM EDT 2025] ✅ Finished /opt/infinity_x_one/scripts/load_env.sh
[Mon Sep 15 06:43:33 PM EDT 2025] ❤️ Runner heartbeat
[Mon Sep 15 06:43:33 PM EDT 2025] ❤️ Runner heartbeat
[Mon Sep 15 06:44:03 PM EDT 2025] ▶️ Executing /opt/infinity_x_one/scripts/load_env.sh
[Mon Sep 15 06:44:03 PM EDT 2025] ▶️ Executing /opt/infinity_x_one/scripts/load_env.sh
Usage: source scripts/load_env.sh [dev|stage|prod]
/opt/infinity_x_one/scripts/load_env.sh: line 5: return: can only `return' from a function or sourced script
/opt/infinity_x_one/scripts/load_env.sh: line 8: syntax error near unexpected token `('
/opt/infinity_x_one/scripts/load_env.sh: line 8: `  export \$(grep -v '^#' /opt/infinity_x_one/env/.env.$ENV_NAME | xargs)'
[Mon Sep 15 06:44:03 PM EDT 2025] ✅ Finished /opt/infinity_x_one/scripts/load_env.sh
Usage: source scripts/load_env.sh [dev|stage|prod]
/opt/infinity_x_one/scripts/load_env.sh: line 5: return: can only `return' from a function or sourced script
/opt/infinity_x_one/scripts/load_env.sh: line 8: syntax error near unexpected token `('
/opt/infinity_x_one/scripts/load_env.sh: line 8: `  export \$(grep -v '^#' /opt/infinity_x_one/env/.env.$ENV_NAME | xargs)'
[Mon Sep 15 06:44:03 PM EDT 2025] ✅ Finished /opt/infinity_x_one/scripts/load_env.sh
[Mon Sep 15 06:44:03 PM EDT 2025] ❤️ Runner heartbeat
[Mon Sep 15 06:44:03 PM EDT 2025] ❤️ Runner heartbeat
[Mon Sep 15 06:44:33 PM EDT 2025] ▶️ Executing /opt/infinity_x_one/scripts/load_env.sh
[Mon Sep 15 06:44:33 PM EDT 2025] ▶️ Executing /opt/infinity_x_one/scripts/load_env.sh
Usage: source scripts/load_env.sh [dev|stage|prod]
/opt/infinity_x_one/scripts/load_env.sh: line 5: return: can only `return' from a function or sourced script
/opt/infinity_x_one/scripts/load_env.sh: line 8: syntax error near unexpected token `('
/opt/infinity_x_one/scripts/load_env.sh: line 8: `  export \$(grep -v '^#' /opt/infinity_x_one/env/.env.$ENV_NAME | xargs)'
[Mon Sep 15 06:44:33 PM EDT 2025] ✅ Finished /opt/infinity_x_one/scripts/load_env.sh
Usage: source scripts/load_env.sh [dev|stage|prod]
/opt/infinity_x_one/scripts/load_env.sh: line 5: return: can only `return' from a function or sourced script
/opt/infinity_x_one/scripts/load_env.sh: line 8: syntax error near unexpected token `('
/opt/infinity_x_one/scripts/load_env.sh: line 8: `  export \$(grep -v '^#' /opt/infinity_x_one/env/.env.$ENV_NAME | xargs)'
[Mon Sep 15 06:44:33 PM EDT 2025] ✅ Finished /opt/infinity_x_one/scripts/load_env.sh
[Mon Sep 15 06:44:33 PM EDT 2025] ❤️ Runner heartbeat
[Mon Sep 15 06:44:33 PM EDT 2025] ❤️ Runner heartbeat
[Mon Sep 15 06:45:03 PM EDT 2025] ▶️ Executing /opt/infinity_x_one/scripts/load_env.sh
[Mon Sep 15 06:45:03 PM EDT 2025] ▶️ Executing /opt/infinity_x_one/scripts/load_env.sh
Usage: source scripts/load_env.sh [dev|stage|prod]
/opt/infinity_x_one/scripts/load_env.sh: line 5: return: can only `return' from a function or sourced script
/opt/infinity_x_one/scripts/load_env.sh: line 8: syntax error near unexpected token `('
/opt/infinity_x_one/scripts/load_env.sh: line 8: `  export \$(grep -v '^#' /opt/infinity_x_one/env/.env.$ENV_NAME | xargs)'
[Mon Sep 15 06:45:03 PM EDT 2025] ✅ Finished /opt/infinity_x_one/scripts/load_env.sh
Usage: source scripts/load_env.sh [dev|stage|prod]
/opt/infinity_x_one/scripts/load_env.sh: line 5: return: can only `return' from a function or sourced script
/opt/infinity_x_one/scripts/load_env.sh: line 8: syntax error near unexpected token `('
/opt/infinity_x_one/scripts/load_env.sh: line 8: `  export \$(grep -v '^#' /opt/infinity_x_one/env/.env.$ENV_NAME | xargs)'
[Mon Sep 15 06:45:03 PM EDT 2025] ✅ Finished /opt/infinity_x_one/scripts/load_env.sh
[Mon Sep 15 06:45:04 PM EDT 2025] ▶️ Executing /opt/infinity_x_one/scripts/swarm_cron_orchestrator.json
[Mon Sep 15 06:45:04 PM EDT 2025] ⚠️ /opt/infinity_x_one/scripts/swarm_cron_orchestrator.json not executable (chmod +x needed)
[Mon Sep 15 06:45:04 PM EDT 2025] ▶️ Executing /opt/infinity_x_one/scripts/swarm_cron_orchestrator.json
[Mon Sep 15 06:45:04 PM EDT 2025] ⚠️ /opt/infinity_x_one/scripts/swarm_cron_orchestrator.json not executable (chmod +x needed)
[Mon Sep 15 06:45:04 PM EDT 2025] ❤️ Runner heartbeat
[Mon Sep 15 06:45:04 PM EDT 2025] ❤️ Runner heartbeat
[Mon Sep 15 06:45:34 PM EDT 2025] ▶️ Executing /opt/infinity_x_one/scripts/load_env.sh
[Mon Sep 15 06:45:34 PM EDT 2025] ▶️ Executing /opt/infinity_x_one/scripts/load_env.sh
Usage: source scripts/load_env.sh [dev|stage|prod]
Usage: source scripts/load_env.sh [dev|stage|prod]
/opt/infinity_x_one/scripts/load_env.sh: line 5: return: can only `return' from a function or sourced script
/opt/infinity_x_one/scripts/load_env.sh: line 8: syntax error near unexpected token `('
/opt/infinity_x_one/scripts/load_env.sh: line 8: `  export \$(grep -v '^#' /opt/infinity_x_one/env/.env.$ENV_NAME | xargs)'
[Mon Sep 15 06:45:34 PM EDT 2025] ✅ Finished /opt/infinity_x_one/scripts/load_env.sh
/opt/infinity_x_one/scripts/load_env.sh: line 5: return: can only `return' from a function or sourced script
/opt/infinity_x_one/scripts/load_env.sh: line 8: syntax error near unexpected token `('
/opt/infinity_x_one/scripts/load_env.sh: line 8: `  export \$(grep -v '^#' /opt/infinity_x_one/env/.env.$ENV_NAME | xargs)'
[Mon Sep 15 06:45:34 PM EDT 2025] ✅ Finished /opt/infinity_x_one/scripts/load_env.sh
[Mon Sep 15 06:45:34 PM EDT 2025] ❤️ Runner heartbeat
[Mon Sep 15 06:45:34 PM EDT 2025] ❤️ Runner heartbeat
[Mon Sep 15 06:46:04 PM EDT 2025] ▶️ Executing /opt/infinity_x_one/scripts/load_env.sh
[Mon Sep 15 06:46:04 PM EDT 2025] ▶️ Executing /opt/infinity_x_one/scripts/load_env.sh
Usage: source scripts/load_env.sh [dev|stage|prod]
/opt/infinity_x_one/scripts/load_env.sh: line 5: return: can only `return' from a function or sourced script
/opt/infinity_x_one/scripts/load_env.sh: line 8: syntax error near unexpected token `('
/opt/infinity_x_one/scripts/load_env.sh: line 8: `  export \$(grep -v '^#' /opt/infinity_x_one/env/.env.$ENV_NAME | xargs)'
Usage: source scripts/load_env.sh [dev|stage|prod]
/opt/infinity_x_one/scripts/load_env.sh: line 5: return: can only `return' from a function or sourced script
/opt/infinity_x_one/scripts/load_env.sh: line 8: syntax error near unexpected token `('
/opt/infinity_x_one/scripts/load_env.sh: line 8: `  export \$(grep -v '^#' /opt/infinity_x_one/env/.env.$ENV_NAME | xargs)'
[Mon Sep 15 06:46:04 PM EDT 2025] ✅ Finished /opt/infinity_x_one/scripts/load_env.sh
[Mon Sep 15 06:46:04 PM EDT 2025] ✅ Finished /opt/infinity_x_one/scripts/load_env.sh
[Mon Sep 15 06:46:05 PM EDT 2025] ❤️ Runner heartbeat
[Mon Sep 15 06:46:05 PM EDT 2025] ❤️ Runner heartbeat
[Mon Sep 15 06:46:36 PM EDT 2025] ▶️ Executing /opt/infinity_x_one/scripts/load_env.sh
[Mon Sep 15 06:46:36 PM EDT 2025] ▶️ Executing /opt/infinity_x_one/scripts/load_env.sh
Usage: source scripts/load_env.sh [dev|stage|prod]
/opt/infinity_x_one/scripts/load_env.sh: line 5: return: can only `return' from a function or sourced script
/opt/infinity_x_one/scripts/load_env.sh: line 8: syntax error near unexpected token `('
/opt/infinity_x_one/scripts/load_env.sh: line 8: `  export \$(grep -v '^#' /opt/infinity_x_one/env/.env.$ENV_NAME | xargs)'
Usage: source scripts/load_env.sh [dev|stage|prod]
/opt/infinity_x_one/scripts/load_env.sh: line 5: return: can only `return' from a function or sourced script
[Mon Sep 15 06:46:36 PM EDT 2025] ✅ Finished /opt/infinity_x_one/scripts/load_env.sh
/opt/infinity_x_one/scripts/load_env.sh: line 8: syntax error near unexpected token `('
/opt/infinity_x_one/scripts/load_env.sh: line 8: `  export \$(grep -v '^#' /opt/infinity_x_one/env/.env.$ENV_NAME | xargs)'
[Mon Sep 15 06:46:36 PM EDT 2025] ✅ Finished /opt/infinity_x_one/scripts/load_env.sh
[Mon Sep 15 06:46:37 PM EDT 2025] ❤️ Runner heartbeat
[Mon Sep 15 06:46:37 PM EDT 2025] ❤️ Runner heartbeat
[Mon Sep 15 06:47:20 PM EDT 2025] ▶️ Executing /opt/infinity_x_one/scripts/load_env.sh
[Mon Sep 15 06:47:20 PM EDT 2025] ▶️ Executing /opt/infinity_x_one/scripts/load_env.sh
Usage: source scripts/load_env.sh [dev|stage|prod]
Usage: source scripts/load_env.sh [dev|stage|prod]
/opt/infinity_x_one/scripts/load_env.sh: line 5: return: can only `return' from a function or sourced script
/opt/infinity_x_one/scripts/load_env.sh: line 8: syntax error near unexpected token `('
/opt/infinity_x_one/scripts/load_env.sh: line 8: `  export \$(grep -v '^#' /opt/infinity_x_one/env/.env.$ENV_NAME | xargs)'
/opt/infinity_x_one/scripts/load_env.sh: line 5: return: can only `return' from a function or sourced script
/opt/infinity_x_one/scripts/load_env.sh: line 8: syntax error near unexpected token `('
/opt/infinity_x_one/scripts/load_env.sh: line 8: `  export \$(grep -v '^#' /opt/infinity_x_one/env/.env.$ENV_NAME | xargs)'
[Mon Sep 15 06:47:20 PM EDT 2025] ✅ Finished /opt/infinity_x_one/scripts/load_env.sh
[Mon Sep 15 06:47:20 PM EDT 2025] ✅ Finished /opt/infinity_x_one/scripts/load_env.sh
[Mon Sep 15 06:47:27 PM EDT 2025] ❤️ Runner heartbeat
[Mon Sep 15 06:47:27 PM EDT 2025] ❤️ Runner heartbeat
[Mon Sep 15 06:47:58 PM EDT 2025] ▶️ Executing /opt/infinity_x_one/scripts/load_env.sh
[Mon Sep 15 06:47:58 PM EDT 2025] ▶️ Executing /opt/infinity_x_one/scripts/load_env.sh
Usage: source scripts/load_env.sh [dev|stage|prod]
/opt/infinity_x_one/scripts/load_env.sh: line 5: return: can only `return' from a function or sourced script
/opt/infinity_x_one/scripts/load_env.sh: line 8: syntax error near unexpected token `('
/opt/infinity_x_one/scripts/load_env.sh: line 8: `  export \$(grep -v '^#' /opt/infinity_x_one/env/.env.$ENV_NAME | xargs)'
[Mon Sep 15 06:47:58 PM EDT 2025] ✅ Finished /opt/infinity_x_one/scripts/load_env.sh
Usage: source scripts/load_env.sh [dev|stage|prod]
/opt/infinity_x_one/scripts/load_env.sh: line 5: return: can only `return' from a function or sourced script
/opt/infinity_x_one/scripts/load_env.sh: line 8: syntax error near unexpected token `('
/opt/infinity_x_one/scripts/load_env.sh: line 8: `  export \$(grep -v '^#' /opt/infinity_x_one/env/.env.$ENV_NAME | xargs)'
[Mon Sep 15 06:47:58 PM EDT 2025] ✅ Finished /opt/infinity_x_one/scripts/load_env.sh
[Mon Sep 15 06:47:58 PM EDT 2025] ❤️ Runner heartbeat
[Mon Sep 15 06:47:58 PM EDT 2025] ❤️ Runner heartbeat
[Mon Sep 15 06:48:28 PM EDT 2025] ▶️ Executing /opt/infinity_x_one/scripts/load_env.sh
[Mon Sep 15 06:48:28 PM EDT 2025] ▶️ Executing /opt/infinity_x_one/scripts/load_env.sh
Usage: source scripts/load_env.sh [dev|stage|prod]
Usage: source scripts/load_env.sh [dev|stage|prod]
/opt/infinity_x_one/scripts/load_env.sh: line 5: return: can only `return' from a function or sourced script
/opt/infinity_x_one/scripts/load_env.sh: line 5: return: can only `return' from a function or sourced script
/opt/infinity_x_one/scripts/load_env.sh: line 8: syntax error near unexpected token `('
/opt/infinity_x_one/scripts/load_env.sh: line 8: syntax error near unexpected token `('
/opt/infinity_x_one/scripts/load_env.sh: line 8: `  export \$(grep -v '^#' /opt/infinity_x_one/env/.env.$ENV_NAME | xargs)'
/opt/infinity_x_one/scripts/load_env.sh: line 8: `  export \$(grep -v '^#' /opt/infinity_x_one/env/.env.$ENV_NAME | xargs)'
[Mon Sep 15 06:48:28 PM EDT 2025] ✅ Finished /opt/infinity_x_one/scripts/load_env.sh
[Mon Sep 15 06:48:28 PM EDT 2025] ✅ Finished /opt/infinity_x_one/scripts/load_env.sh
[Mon Sep 15 06:48:28 PM EDT 2025] ❤️ Runner heartbeat
[Mon Sep 15 06:48:28 PM EDT 2025] ❤️ Runner heartbeat
[Mon Sep 15 06:48:59 PM EDT 2025] ▶️ Executing /opt/infinity_x_one/scripts/load_env.sh
[Mon Sep 15 06:48:59 PM EDT 2025] ▶️ Executing /opt/infinity_x_one/scripts/load_env.sh
Usage: source scripts/load_env.sh [dev|stage|prod]
/opt/infinity_x_one/scripts/load_env.sh: line 5: return: can only `return' from a function or sourced script
/opt/infinity_x_one/scripts/load_env.sh: line 8: syntax error near unexpected token `('
/opt/infinity_x_one/scripts/load_env.sh: line 8: `  export \$(grep -v '^#' /opt/infinity_x_one/env/.env.$ENV_NAME | xargs)'
Usage: source scripts/load_env.sh [dev|stage|prod]
/opt/infinity_x_one/scripts/load_env.sh: line 5: return: can only `return' from a function or sourced script
/opt/infinity_x_one/scripts/load_env.sh: line 8: syntax error near unexpected token `('
/opt/infinity_x_one/scripts/load_env.sh: line 8: `  export \$(grep -v '^#' /opt/infinity_x_one/env/.env.$ENV_NAME | xargs)'
[Mon Sep 15 06:48:59 PM EDT 2025] ✅ Finished /opt/infinity_x_one/scripts/load_env.sh
[Mon Sep 15 06:48:59 PM EDT 2025] ✅ Finished /opt/infinity_x_one/scripts/load_env.sh
[Mon Sep 15 06:48:59 PM EDT 2025] ❤️ Runner heartbeat
[Mon Sep 15 06:48:59 PM EDT 2025] ❤️ Runner heartbeat
[Mon Sep 15 06:49:30 PM EDT 2025] ▶️ Executing /opt/infinity_x_one/scripts/load_env.sh
[Mon Sep 15 06:49:30 PM EDT 2025] ▶️ Executing /opt/infinity_x_one/scripts/load_env.sh
Usage: source scripts/load_env.sh [dev|stage|prod]
Usage: source scripts/load_env.sh [dev|stage|prod]
/opt/infinity_x_one/scripts/load_env.sh: line 5: return: can only `return' from a function or sourced script
/opt/infinity_x_one/scripts/load_env.sh: line 8: syntax error near unexpected token `('
/opt/infinity_x_one/scripts/load_env.sh: line 8: `  export \$(grep -v '^#' /opt/infinity_x_one/env/.env.$ENV_NAME | xargs)'
/opt/infinity_x_one/scripts/load_env.sh: line 5: return: can only `return' from a function or sourced script
/opt/infinity_x_one/scripts/load_env.sh: line 8: syntax error near unexpected token `('
/opt/infinity_x_one/scripts/load_env.sh: line 8: `  export \$(grep -v '^#' /opt/infinity_x_one/env/.env.$ENV_NAME | xargs)'
[Mon Sep 15 06:49:30 PM EDT 2025] ✅ Finished /opt/infinity_x_one/scripts/load_env.sh
[Mon Sep 15 06:49:30 PM EDT 2025] ✅ Finished /opt/infinity_x_one/scripts/load_env.sh
[Mon Sep 15 06:49:31 PM EDT 2025] ❤️ Runner heartbeat
[Mon Sep 15 06:49:31 PM EDT 2025] ❤️ Runner heartbeat
[Mon Sep 15 06:50:01 PM EDT 2025] ▶️ Executing /opt/infinity_x_one/scripts/load_env.sh
[Mon Sep 15 06:50:01 PM EDT 2025] ▶️ Executing /opt/infinity_x_one/scripts/load_env.sh
Usage: source scripts/load_env.sh [dev|stage|prod]
Usage: source scripts/load_env.sh [dev|stage|prod]
/opt/infinity_x_one/scripts/load_env.sh: line 5: return: can only `return' from a function or sourced script
/opt/infinity_x_one/scripts/load_env.sh: line 8: syntax error near unexpected token `('
/opt/infinity_x_one/scripts/load_env.sh: line 8: `  export \$(grep -v '^#' /opt/infinity_x_one/env/.env.$ENV_NAME | xargs)'
/opt/infinity_x_one/scripts/load_env.sh: line 5: return: can only `return' from a function or sourced script
/opt/infinity_x_one/scripts/load_env.sh: line 8: syntax error near unexpected token `('
/opt/infinity_x_one/scripts/load_env.sh: line 8: `  export \$(grep -v '^#' /opt/infinity_x_one/env/.env.$ENV_NAME | xargs)'
[Mon Sep 15 06:50:01 PM EDT 2025] ✅ Finished /opt/infinity_x_one/scripts/load_env.sh
[Mon Sep 15 06:50:01 PM EDT 2025] ✅ Finished /opt/infinity_x_one/scripts/load_env.sh
[Mon Sep 15 06:50:01 PM EDT 2025] ❤️ Runner heartbeat
[Mon Sep 15 06:50:01 PM EDT 2025] ❤️ Runner heartbeat
[Mon Sep 15 06:50:31 PM EDT 2025] ❤️ Runner heartbeat
[Mon Sep 15 06:50:31 PM EDT 2025] ❤️ Runner heartbeat
[Mon Sep 15 06:51:02 PM EDT 2025] ❤️ Runner heartbeat
[Mon Sep 15 06:51:02 PM EDT 2025] ❤️ Runner heartbeat
[Mon Sep 15 06:51:32 PM EDT 2025] ❤️ Runner heartbeat
[Mon Sep 15 06:51:32 PM EDT 2025] ❤️ Runner heartbeat
[Mon Sep 15 06:52:02 PM EDT 2025] ❤️ Runner heartbeat
[Mon Sep 15 06:52:02 PM EDT 2025] ❤️ Runner heartbeat
[Mon Sep 15 06:52:32 PM EDT 2025] ❤️ Runner heartbeat
[Mon Sep 15 06:52:32 PM EDT 2025] ❤️ Runner heartbeat
[Mon Sep 15 06:53:02 PM EDT 2025] ❤️ Runner heartbeat
[Mon Sep 15 06:53:02 PM EDT 2025] ❤️ Runner heartbeat
[Mon Sep 15 06:53:33 PM EDT 2025] ❤️ Runner heartbeat
[Mon Sep 15 06:53:33 PM EDT 2025] ❤️ Runner heartbeat
[Mon Sep 15 06:54:03 PM EDT 2025] ❤️ Runner heartbeat
[Mon Sep 15 06:54:03 PM EDT 2025] ❤️ Runner heartbeat
[Mon Sep 15 06:54:33 PM EDT 2025] ❤️ Runner heartbeat
[Mon Sep 15 06:54:33 PM EDT 2025] ❤️ Runner heartbeat
[Mon Sep 15 06:55:13 PM EDT 2025] ❤️ Runner heartbeat
[Mon Sep 15 06:55:13 PM EDT 2025] ❤️ Runner heartbeat
[Mon Sep 15 06:55:43 PM EDT 2025] ❤️ Runner heartbeat
[Mon Sep 15 06:55:43 PM EDT 2025] ❤️ Runner heartbeat
[Mon Sep 15 06:56:13 PM EDT 2025] ❤️ Runner heartbeat
[Mon Sep 15 06:56:13 PM EDT 2025] ❤️ Runner heartbeat
[Mon Sep 15 06:56:44 PM EDT 2025] ❤️ Runner heartbeat
[Mon Sep 15 06:56:44 PM EDT 2025] ❤️ Runner heartbeat
[Mon Sep 15 06:57:14 PM EDT 2025] ❤️ Runner heartbeat
[Mon Sep 15 06:57:14 PM EDT 2025] ❤️ Runner heartbeat
[Mon Sep 15 06:57:44 PM EDT 2025] ❤️ Runner heartbeat
[Mon Sep 15 06:57:44 PM EDT 2025] ❤️ Runner heartbeat
[Mon Sep 15 06:58:14 PM EDT 2025] ❤️ Runner heartbeat
[Mon Sep 15 06:58:14 PM EDT 2025] ❤️ Runner heartbeat
[Mon Sep 15 06:58:45 PM EDT 2025] ❤️ Runner heartbeat
[Mon Sep 15 06:58:45 PM EDT 2025] ❤️ Runner heartbeat
[Mon Sep 15 06:59:15 PM EDT 2025] ❤️ Runner heartbeat
[Mon Sep 15 06:59:15 PM EDT 2025] ❤️ Runner heartbeat
[Mon Sep 15 06:59:52 PM EDT 2025] ❤️ Runner heartbeat
[Mon Sep 15 06:59:52 PM EDT 2025] ❤️ Runner heartbeat
[Mon Sep 15 07:00:23 PM EDT 2025] ❤️ Runner heartbeat
[Mon Sep 15 07:00:23 PM EDT 2025] ❤️ Runner heartbeat
[Mon Sep 15 07:00:53 PM EDT 2025] ❤️ Runner heartbeat
[Mon Sep 15 07:00:53 PM EDT 2025] ❤️ Runner heartbeat
[Mon Sep 15 07:01:23 PM EDT 2025] ❤️ Runner heartbeat
[Mon Sep 15 07:01:23 PM EDT 2025] ❤️ Runner heartbeat
[Mon Sep 15 07:01:54 PM EDT 2025] ❤️ Runner heartbeat
[Mon Sep 15 07:01:54 PM EDT 2025] ❤️ Runner heartbeat
[Mon Sep 15 07:02:25 PM EDT 2025] ❤️ Runner heartbeat
[Mon Sep 15 07:02:25 PM EDT 2025] ❤️ Runner heartbeat
[Mon Sep 15 07:02:55 PM EDT 2025] ❤️ Runner heartbeat
[Mon Sep 15 07:02:55 PM EDT 2025] ❤️ Runner heartbeat
[Mon Sep 15 07:03:26 PM EDT 2025] ❤️ Runner heartbeat
[Mon Sep 15 07:03:26 PM EDT 2025] ❤️ Runner heartbeat
[Mon Sep 15 07:03:57 PM EDT 2025] ❤️ Runner heartbeat
[Mon Sep 15 07:03:57 PM EDT 2025] ❤️ Runner heartbeat
[Mon Sep 15 07:04:29 PM EDT 2025] ❤️ Runner heartbeat
[Mon Sep 15 07:04:29 PM EDT 2025] ❤️ Runner heartbeat
[Mon Sep 15 07:05:10 PM EDT 2025] ❤️ Runner heartbeat
[Mon Sep 15 07:05:10 PM EDT 2025] ❤️ Runner heartbeat
[Mon Sep 15 07:05:42 PM EDT 2025] ❤️ Runner heartbeat
[Mon Sep 15 07:05:42 PM EDT 2025] ❤️ Runner heartbeat
[Mon Sep 15 07:06:12 PM EDT 2025] ❤️ Runner heartbeat
[Mon Sep 15 07:06:12 PM EDT 2025] ❤️ Runner heartbeat
[Mon Sep 15 07:06:42 PM EDT 2025] ❤️ Runner heartbeat
[Mon Sep 15 07:06:42 PM EDT 2025] ❤️ Runner heartbeat
[Mon Sep 15 07:07:12 PM EDT 2025] ❤️ Runner heartbeat
[Mon Sep 15 07:07:12 PM EDT 2025] ❤️ Runner heartbeat
[Mon Sep 15 07:07:43 PM EDT 2025] ❤️ Runner heartbeat
[Mon Sep 15 07:07:43 PM EDT 2025] ❤️ Runner heartbeat
[Mon Sep 15 07:08:24 PM EDT 2025] ❤️ Runner heartbeat
[Mon Sep 15 07:08:23 PM EDT 2025] ❤️ Runner heartbeat
[Mon Sep 15 07:08:56 PM EDT 2025] ❤️ Runner heartbeat
[Mon Sep 15 07:08:56 PM EDT 2025] ❤️ Runner heartbeat
[Mon Sep 15 07:09:27 PM EDT 2025] ❤️ Runner heartbeat
[Mon Sep 15 07:09:27 PM EDT 2025] ❤️ Runner heartbeat
[Mon Sep 15 07:09:57 PM EDT 2025] ❤️ Runner heartbeat
[Mon Sep 15 07:09:57 PM EDT 2025] ❤️ Runner heartbeat
[Mon Sep 15 07:10:28 PM EDT 2025] ❤️ Runner heartbeat
[Mon Sep 15 07:10:28 PM EDT 2025] ❤️ Runner heartbeat
[Mon Sep 15 07:10:58 PM EDT 2025] ❤️ Runner heartbeat
[Mon Sep 15 07:10:58 PM EDT 2025] ❤️ Runner heartbeat
[Mon Sep 15 07:11:28 PM EDT 2025] ❤️ Runner heartbeat
[Mon Sep 15 07:11:28 PM EDT 2025] ❤️ Runner heartbeat
[Mon Sep 15 07:11:58 PM EDT 2025] ❤️ Runner heartbeat
[Mon Sep 15 07:11:58 PM EDT 2025] ❤️ Runner heartbeat
[Mon Sep 15 07:12:29 PM EDT 2025] ❤️ Runner heartbeat
[Mon Sep 15 07:12:29 PM EDT 2025] ❤️ Runner heartbeat
[Mon Sep 15 07:13:00 PM EDT 2025] ❤️ Runner heartbeat
[Mon Sep 15 07:13:00 PM EDT 2025] ❤️ Runner heartbeat
[Mon Sep 15 07:13:30 PM EDT 2025] ❤️ Runner heartbeat
[Mon Sep 15 07:13:30 PM EDT 2025] ❤️ Runner heartbeat
[Mon Sep 15 07:14:01 PM EDT 2025] ❤️ Runner heartbeat
[Mon Sep 15 07:14:01 PM EDT 2025] ❤️ Runner heartbeat
[Mon Sep 15 07:14:33 PM EDT 2025] ❤️ Runner heartbeat
[Mon Sep 15 07:14:33 PM EDT 2025] ❤️ Runner heartbeat
[Mon Sep 15 07:15:15 PM EDT 2025] ❤️ Runner heartbeat
[Mon Sep 15 07:15:15 PM EDT 2025] ❤️ Runner heartbeat
[Mon Sep 15 07:15:49 PM EDT 2025] ❤️ Runner heartbeat
[Mon Sep 15 07:15:49 PM EDT 2025] ❤️ Runner heartbeat
[Mon Sep 15 07:16:23 PM EDT 2025] ❤️ Runner heartbeat
[Mon Sep 15 07:16:22 PM EDT 2025] ❤️ Runner heartbeat
[Mon Sep 15 07:16:54 PM EDT 2025] ❤️ Runner heartbeat
[Mon Sep 15 07:16:54 PM EDT 2025] ❤️ Runner heartbeat
[Mon Sep 15 07:17:24 PM EDT 2025] ❤️ Runner heartbeat
[Mon Sep 15 07:17:24 PM EDT 2025] ❤️ Runner heartbeat
[Mon Sep 15 07:17:54 PM EDT 2025] ❤️ Runner heartbeat
[Mon Sep 15 07:17:54 PM EDT 2025] ❤️ Runner heartbeat
[Mon Sep 15 07:18:24 PM EDT 2025] ❤️ Runner heartbeat
[Mon Sep 15 07:18:24 PM EDT 2025] ❤️ Runner heartbeat
[Mon Sep 15 07:18:56 PM EDT 2025] ❤️ Runner heartbeat
[Mon Sep 15 07:18:56 PM EDT 2025] ❤️ Runner heartbeat
[Mon Sep 15 07:19:26 PM EDT 2025] ❤️ Runner heartbeat
[Mon Sep 15 07:19:26 PM EDT 2025] ❤️ Runner heartbeat
[Mon Sep 15 07:19:57 PM EDT 2025] ❤️ Runner heartbeat
[Mon Sep 15 07:19:57 PM EDT 2025] ❤️ Runner heartbeat
[Mon Sep 15 07:20:29 PM EDT 2025] ❤️ Runner heartbeat
[Mon Sep 15 07:20:29 PM EDT 2025] ❤️ Runner heartbeat
[Mon Sep 15 07:20:59 PM EDT 2025] ❤️ Runner heartbeat
[Mon Sep 15 07:20:59 PM EDT 2025] ❤️ Runner heartbeat
[Mon Sep 15 07:21:30 PM EDT 2025] ❤️ Runner heartbeat
[Mon Sep 15 07:21:30 PM EDT 2025] ❤️ Runner heartbeat
[Mon Sep 15 07:22:00 PM EDT 2025] ❤️ Runner heartbeat
[Mon Sep 15 07:22:00 PM EDT 2025] ❤️ Runner heartbeat
[Mon Sep 15 07:22:30 PM EDT 2025] ❤️ Runner heartbeat
[Mon Sep 15 07:22:30 PM EDT 2025] ❤️ Runner heartbeat
[Mon Sep 15 07:23:00 PM EDT 2025] ❤️ Runner heartbeat
[Mon Sep 15 07:23:00 PM EDT 2025] ❤️ Runner heartbeat
[Mon Sep 15 07:23:30 PM EDT 2025] ❤️ Runner heartbeat
[Mon Sep 15 07:23:30 PM EDT 2025] ❤️ Runner heartbeat
[Mon Sep 15 07:24:00 PM EDT 2025] ❤️ Runner heartbeat
[Mon Sep 15 07:24:00 PM EDT 2025] ❤️ Runner heartbeat
[Mon Sep 15 07:24:30 PM EDT 2025] ❤️ Runner heartbeat
[Mon Sep 15 07:24:30 PM EDT 2025] ❤️ Runner heartbeat
[Mon Sep 15 07:25:00 PM EDT 2025] ❤️ Runner heartbeat
[Mon Sep 15 07:25:00 PM EDT 2025] ❤️ Runner heartbeat
[Mon Sep 15 07:25:30 PM EDT 2025] ❤️ Runner heartbeat
[Mon Sep 15 07:25:30 PM EDT 2025] ❤️ Runner heartbeat
[Mon Sep 15 07:26:00 PM EDT 2025] ❤️ Runner heartbeat
[Mon Sep 15 07:26:00 PM EDT 2025] ❤️ Runner heartbeat
[Mon Sep 15 07:26:30 PM EDT 2025] ❤️ Runner heartbeat
[Mon Sep 15 07:26:30 PM EDT 2025] ❤️ Runner heartbeat
[Mon Sep 15 07:27:00 PM EDT 2025] ❤️ Runner heartbeat
[Mon Sep 15 07:27:00 PM EDT 2025] ❤️ Runner heartbeat
[Mon Sep 15 07:27:31 PM EDT 2025] ❤️ Runner heartbeat
[Mon Sep 15 07:27:31 PM EDT 2025] ❤️ Runner heartbeat
[Mon Sep 15 07:28:01 PM EDT 2025] ❤️ Runner heartbeat
[Mon Sep 15 07:28:01 PM EDT 2025] ❤️ Runner heartbeat
[Mon Sep 15 07:28:31 PM EDT 2025] ❤️ Runner heartbeat
[Mon Sep 15 07:28:31 PM EDT 2025] ❤️ Runner heartbeat
[Mon Sep 15 07:29:01 PM EDT 2025] ❤️ Runner heartbeat
[Mon Sep 15 07:29:01 PM EDT 2025] ❤️ Runner heartbeat
[Mon Sep 15 07:29:31 PM EDT 2025] ❤️ Runner heartbeat
[Mon Sep 15 07:29:31 PM EDT 2025] ❤️ Runner heartbeat
[Mon Sep 15 07:30:02 PM EDT 2025] ❤️ Runner heartbeat
[Mon Sep 15 07:30:02 PM EDT 2025] ❤️ Runner heartbeat
[Mon Sep 15 07:30:32 PM EDT 2025] ❤️ Runner heartbeat
[Mon Sep 15 07:30:32 PM EDT 2025] ❤️ Runner heartbeat
[Mon Sep 15 07:31:03 PM EDT 2025] ❤️ Runner heartbeat
[Mon Sep 15 07:31:03 PM EDT 2025] ❤️ Runner heartbeat
[Mon Sep 15 07:31:33 PM EDT 2025] ❤️ Runner heartbeat
[Mon Sep 15 07:31:33 PM EDT 2025] ❤️ Runner heartbeat
[Mon Sep 15 07:32:03 PM EDT 2025] ❤️ Runner heartbeat
[Mon Sep 15 07:32:03 PM EDT 2025] ❤️ Runner heartbeat
[Mon Sep 15 07:32:34 PM EDT 2025] ❤️ Runner heartbeat
[Mon Sep 15 07:32:34 PM EDT 2025] ❤️ Runner heartbeat
[Mon Sep 15 07:33:05 PM EDT 2025] ❤️ Runner heartbeat
[Mon Sep 15 07:33:05 PM EDT 2025] ❤️ Runner heartbeat
[Mon Sep 15 07:33:35 PM EDT 2025] ❤️ Runner heartbeat
[Mon Sep 15 07:33:35 PM EDT 2025] ❤️ Runner heartbeat
[Mon Sep 15 07:34:06 PM EDT 2025] ❤️ Runner heartbeat
[Mon Sep 15 07:34:06 PM EDT 2025] ❤️ Runner heartbeat
[Mon Sep 15 07:34:37 PM EDT 2025] ❤️ Runner heartbeat
[Mon Sep 15 07:34:37 PM EDT 2025] ❤️ Runner heartbeat
[Mon Sep 15 07:35:07 PM EDT 2025] ❤️ Runner heartbeat
[Mon Sep 15 07:35:07 PM EDT 2025] ❤️ Runner heartbeat
[Mon Sep 15 07:35:37 PM EDT 2025] ❤️ Runner heartbeat
[Mon Sep 15 07:35:37 PM EDT 2025] ❤️ Runner heartbeat
[Mon Sep 15 07:36:07 PM EDT 2025] ❤️ Runner heartbeat
[Mon Sep 15 07:36:07 PM EDT 2025] ❤️ Runner heartbeat
[Mon Sep 15 07:36:37 PM EDT 2025] ❤️ Runner heartbeat
[Mon Sep 15 07:36:37 PM EDT 2025] ❤️ Runner heartbeat
[Mon Sep 15 07:37:07 PM EDT 2025] ❤️ Runner heartbeat
[Mon Sep 15 07:37:07 PM EDT 2025] ❤️ Runner heartbeat
[Mon Sep 15 07:37:38 PM EDT 2025] ❤️ Runner heartbeat
[Mon Sep 15 07:37:38 PM EDT 2025] ❤️ Runner heartbeat
[Mon Sep 15 07:38:08 PM EDT 2025] ❤️ Runner heartbeat
[Mon Sep 15 07:38:08 PM EDT 2025] ❤️ Runner heartbeat
[Mon Sep 15 07:38:39 PM EDT 2025] ❤️ Runner heartbeat
[Mon Sep 15 07:38:39 PM EDT 2025] ❤️ Runner heartbeat
[Mon Sep 15 07:39:10 PM EDT 2025] ❤️ Runner heartbeat
[Mon Sep 15 07:39:10 PM EDT 2025] ❤️ Runner heartbeat
[Mon Sep 15 07:39:40 PM EDT 2025] ❤️ Runner heartbeat
[Mon Sep 15 07:39:40 PM EDT 2025] ❤️ Runner heartbeat
[Mon Sep 15 07:40:11 PM EDT 2025] ❤️ Runner heartbeat
[Mon Sep 15 07:40:11 PM EDT 2025] ❤️ Runner heartbeat
[Mon Sep 15 07:40:41 PM EDT 2025] ❤️ Runner heartbeat
[Mon Sep 15 07:40:41 PM EDT 2025] ❤️ Runner heartbeat
[Mon Sep 15 07:41:14 PM EDT 2025] ❤️ Runner heartbeat
[Mon Sep 15 07:41:14 PM EDT 2025] ❤️ Runner heartbeat
[Mon Sep 15 07:41:44 PM EDT 2025] ❤️ Runner heartbeat
[Mon Sep 15 07:41:44 PM EDT 2025] ❤️ Runner heartbeat
[Mon Sep 15 07:42:15 PM EDT 2025] ❤️ Runner heartbeat
[Mon Sep 15 07:42:15 PM EDT 2025] ❤️ Runner heartbeat
[Mon Sep 15 07:42:46 PM EDT 2025] ❤️ Runner heartbeat
[Mon Sep 15 07:42:46 PM EDT 2025] ❤️ Runner heartbeat
[Mon Sep 15 07:43:16 PM EDT 2025] ❤️ Runner heartbeat
[Mon Sep 15 07:43:16 PM EDT 2025] ❤️ Runner heartbeat
[Mon Sep 15 07:43:46 PM EDT 2025] ❤️ Runner heartbeat
[Mon Sep 15 07:43:46 PM EDT 2025] ❤️ Runner heartbeat
[Mon Sep 15 07:44:17 PM EDT 2025] ❤️ Runner heartbeat
[Mon Sep 15 07:44:17 PM EDT 2025] ❤️ Runner heartbeat
[Mon Sep 15 07:44:49 PM EDT 2025] ❤️ Runner heartbeat
[Mon Sep 15 07:44:49 PM EDT 2025] ❤️ Runner heartbeat
[Mon Sep 15 07:45:19 PM EDT 2025] ❤️ Runner heartbeat
[Mon Sep 15 07:45:19 PM EDT 2025] ❤️ Runner heartbeat
[Mon Sep 15 07:45:49 PM EDT 2025] ❤️ Runner heartbeat
[Mon Sep 15 07:45:49 PM EDT 2025] ❤️ Runner heartbeat
[Mon Sep 15 07:46:21 PM EDT 2025] ❤️ Runner heartbeat
[Mon Sep 15 07:46:21 PM EDT 2025] ❤️ Runner heartbeat
[Mon Sep 15 07:46:52 PM EDT 2025] ❤️ Runner heartbeat
[Mon Sep 15 07:46:52 PM EDT 2025] ❤️ Runner heartbeat
[Mon Sep 15 07:47:27 PM EDT 2025] ❤️ Runner heartbeat
[Mon Sep 15 07:47:27 PM EDT 2025] ❤️ Runner heartbeat
[Mon Sep 15 07:47:59 PM EDT 2025] ❤️ Runner heartbeat
[Mon Sep 15 07:47:59 PM EDT 2025] ❤️ Runner heartbeat
[Mon Sep 15 07:48:32 PM EDT 2025] ❤️ Runner heartbeat
[Mon Sep 15 07:48:32 PM EDT 2025] ❤️ Runner heartbeat
[Mon Sep 15 07:49:03 PM EDT 2025] ❤️ Runner heartbeat
[Mon Sep 15 07:49:03 PM EDT 2025] ❤️ Runner heartbeat
[Mon Sep 15 07:49:43 PM EDT 2025] ❤️ Runner heartbeat
[Mon Sep 15 07:49:43 PM EDT 2025] ❤️ Runner heartbeat
[Mon Sep 15 07:50:24 PM EDT 2025] ❤️ Runner heartbeat
[Mon Sep 15 07:50:24 PM EDT 2025] ❤️ Runner heartbeat
[Mon Sep 15 07:50:59 PM EDT 2025] ❤️ Runner heartbeat
[Mon Sep 15 07:50:59 PM EDT 2025] ❤️ Runner heartbeat
[Mon Sep 15 07:51:32 PM EDT 2025] ❤️ Runner heartbeat
[Mon Sep 15 07:51:32 PM EDT 2025] ❤️ Runner heartbeat
[Mon Sep 15 07:52:03 PM EDT 2025] ❤️ Runner heartbeat
[Mon Sep 15 07:52:03 PM EDT 2025] ❤️ Runner heartbeat
[Mon Sep 15 07:52:33 PM EDT 2025] ❤️ Runner heartbeat
[Mon Sep 15 07:52:33 PM EDT 2025] ❤️ Runner heartbeat
[Mon Sep 15 07:53:03 PM EDT 2025] ❤️ Runner heartbeat
[Mon Sep 15 07:53:03 PM EDT 2025] ❤️ Runner heartbeat
[Mon Sep 15 07:53:33 PM EDT 2025] ❤️ Runner heartbeat
[Mon Sep 15 07:53:33 PM EDT 2025] ❤️ Runner heartbeat
[Mon Sep 15 07:54:03 PM EDT 2025] ❤️ Runner heartbeat
[Mon Sep 15 07:54:03 PM EDT 2025] ❤️ Runner heartbeat
[Mon Sep 15 07:54:33 PM EDT 2025] ❤️ Runner heartbeat
[Mon Sep 15 07:54:33 PM EDT 2025] ❤️ Runner heartbeat
[Mon Sep 15 07:55:05 PM EDT 2025] ❤️ Runner heartbeat
[Mon Sep 15 07:55:05 PM EDT 2025] ❤️ Runner heartbeat
[Mon Sep 15 07:55:38 PM EDT 2025] ❤️ Runner heartbeat
[Mon Sep 15 07:55:40 PM EDT 2025] ❤️ Runner heartbeat
[Mon Sep 15 07:56:18 PM EDT 2025] ❤️ Runner heartbeat
[Mon Sep 15 07:56:18 PM EDT 2025] ❤️ Runner heartbeat
[Mon Sep 15 07:56:50 PM EDT 2025] ❤️ Runner heartbeat
[Mon Sep 15 07:56:50 PM EDT 2025] ❤️ Runner heartbeat
[Mon Sep 15 07:57:21 PM EDT 2025] ❤️ Runner heartbeat
[Mon Sep 15 07:57:21 PM EDT 2025] ❤️ Runner heartbeat
[Mon Sep 15 07:57:55 PM EDT 2025] ❤️ Runner heartbeat
[Mon Sep 15 07:57:55 PM EDT 2025] ❤️ Runner heartbeat
[Mon Sep 15 07:58:26 PM EDT 2025] ❤️ Runner heartbeat
[Mon Sep 15 07:58:26 PM EDT 2025] ❤️ Runner heartbeat
[Mon Sep 15 07:58:58 PM EDT 2025] ❤️ Runner heartbeat
[Mon Sep 15 07:58:58 PM EDT 2025] ❤️ Runner heartbeat
[Mon Sep 15 07:59:28 PM EDT 2025] ❤️ Runner heartbeat
[Mon Sep 15 07:59:28 PM EDT 2025] ❤️ Runner heartbeat
[Mon Sep 15 07:59:58 PM EDT 2025] ❤️ Runner heartbeat
[Mon Sep 15 07:59:58 PM EDT 2025] ❤️ Runner heartbeat
[Mon Sep 15 08:00:28 PM EDT 2025] ❤️ Runner heartbeat
[Mon Sep 15 08:00:28 PM EDT 2025] ❤️ Runner heartbeat
[Mon Sep 15 08:00:58 PM EDT 2025] ❤️ Runner heartbeat
[Mon Sep 15 08:00:58 PM EDT 2025] ❤️ Runner heartbeat
[Mon Sep 15 08:01:29 PM EDT 2025] ❤️ Runner heartbeat
[Mon Sep 15 08:01:29 PM EDT 2025] ❤️ Runner heartbeat
[Mon Sep 15 08:01:59 PM EDT 2025] ❤️ Runner heartbeat
[Mon Sep 15 08:01:59 PM EDT 2025] ❤️ Runner heartbeat
[Mon Sep 15 08:02:29 PM EDT 2025] ❤️ Runner heartbeat
[Mon Sep 15 08:02:29 PM EDT 2025] ❤️ Runner heartbeat
[Mon Sep 15 08:03:00 PM EDT 2025] ❤️ Runner heartbeat
[Mon Sep 15 08:03:00 PM EDT 2025] ❤️ Runner heartbeat
[Mon Sep 15 08:03:30 PM EDT 2025] ❤️ Runner heartbeat
[Mon Sep 15 08:03:30 PM EDT 2025] ❤️ Runner heartbeat
[Mon Sep 15 08:04:00 PM EDT 2025] ❤️ Runner heartbeat
[Mon Sep 15 08:04:00 PM EDT 2025] ❤️ Runner heartbeat
[Mon Sep 15 08:04:30 PM EDT 2025] ❤️ Runner heartbeat
[Mon Sep 15 08:04:30 PM EDT 2025] ❤️ Runner heartbeat
[Mon Sep 15 08:05:01 PM EDT 2025] ❤️ Runner heartbeat
[Mon Sep 15 08:05:01 PM EDT 2025] ❤️ Runner heartbeat
[Mon Sep 15 08:05:31 PM EDT 2025] ❤️ Runner heartbeat
[Mon Sep 15 08:05:31 PM EDT 2025] ❤️ Runner heartbeat
[Mon Sep 15 08:06:05 PM EDT 2025] ❤️ Runner heartbeat
[Mon Sep 15 08:06:05 PM EDT 2025] ❤️ Runner heartbeat
[Mon Sep 15 08:06:39 PM EDT 2025] ❤️ Runner heartbeat
[Mon Sep 15 08:06:39 PM EDT 2025] ❤️ Runner heartbeat
[Mon Sep 15 08:07:09 PM EDT 2025] ❤️ Runner heartbeat
[Mon Sep 15 08:07:09 PM EDT 2025] ❤️ Runner heartbeat
[Mon Sep 15 08:07:40 PM EDT 2025] ❤️ Runner heartbeat
[Mon Sep 15 08:07:40 PM EDT 2025] ❤️ Runner heartbeat
[Mon Sep 15 08:08:10 PM EDT 2025] ❤️ Runner heartbeat
[Mon Sep 15 08:08:10 PM EDT 2025] ❤️ Runner heartbeat
[Mon Sep 15 08:08:41 PM EDT 2025] ❤️ Runner heartbeat
[Mon Sep 15 08:08:41 PM EDT 2025] ❤️ Runner heartbeat
[Mon Sep 15 08:09:15 PM EDT 2025] ❤️ Runner heartbeat
[Mon Sep 15 08:09:15 PM EDT 2025] ❤️ Runner heartbeat
[Mon Sep 15 08:09:48 PM EDT 2025] ❤️ Runner heartbeat
[Mon Sep 15 08:09:48 PM EDT 2025] ❤️ Runner heartbeat
[Mon Sep 15 08:10:19 PM EDT 2025] ❤️ Runner heartbeat
[Mon Sep 15 08:10:19 PM EDT 2025] ❤️ Runner heartbeat
[Mon Sep 15 08:10:49 PM EDT 2025] ❤️ Runner heartbeat
[Mon Sep 15 08:10:49 PM EDT 2025] ❤️ Runner heartbeat
[Mon Sep 15 08:11:19 PM EDT 2025] ❤️ Runner heartbeat
[Mon Sep 15 08:11:19 PM EDT 2025] ❤️ Runner heartbeat
[Mon Sep 15 08:11:50 PM EDT 2025] ❤️ Runner heartbeat
[Mon Sep 15 08:11:50 PM EDT 2025] ❤️ Runner heartbeat
[Mon Sep 15 08:12:21 PM EDT 2025] ❤️ Runner heartbeat
[Mon Sep 15 08:12:21 PM EDT 2025] ❤️ Runner heartbeat
[Mon Sep 15 08:12:51 PM EDT 2025] ❤️ Runner heartbeat
[Mon Sep 15 08:12:51 PM EDT 2025] ❤️ Runner heartbeat
[Mon Sep 15 08:13:21 PM EDT 2025] ❤️ Runner heartbeat
[Mon Sep 15 08:13:21 PM EDT 2025] ❤️ Runner heartbeat
[Mon Sep 15 08:13:51 PM EDT 2025] ❤️ Runner heartbeat
[Mon Sep 15 08:13:51 PM EDT 2025] ❤️ Runner heartbeat
[Mon Sep 15 08:14:21 PM EDT 2025] ❤️ Runner heartbeat
[Mon Sep 15 08:14:21 PM EDT 2025] ❤️ Runner heartbeat
[Mon Sep 15 08:14:51 PM EDT 2025] ❤️ Runner heartbeat
[Mon Sep 15 08:14:51 PM EDT 2025] ❤️ Runner heartbeat
[Mon Sep 15 08:15:22 PM EDT 2025] ❤️ Runner heartbeat
[Mon Sep 15 08:15:22 PM EDT 2025] ❤️ Runner heartbeat
[Mon Sep 15 08:15:52 PM EDT 2025] ❤️ Runner heartbeat
[Mon Sep 15 08:15:52 PM EDT 2025] ❤️ Runner heartbeat
[Mon Sep 15 08:16:22 PM EDT 2025] ❤️ Runner heartbeat
[Mon Sep 15 08:16:22 PM EDT 2025] ❤️ Runner heartbeat
[Mon Sep 15 08:16:52 PM EDT 2025] ❤️ Runner heartbeat
[Mon Sep 15 08:16:52 PM EDT 2025] ❤️ Runner heartbeat
[Mon Sep 15 08:17:22 PM EDT 2025] ❤️ Runner heartbeat
[Mon Sep 15 08:17:22 PM EDT 2025] ❤️ Runner heartbeat
[Mon Sep 15 08:18:05 PM EDT 2025] ❤️ Runner heartbeat
[Mon Sep 15 08:18:05 PM EDT 2025] ❤️ Runner heartbeat
[Mon Sep 15 08:18:54 PM EDT 2025] ❤️ Runner heartbeat
[Mon Sep 15 08:18:54 PM EDT 2025] ❤️ Runner heartbeat
[Mon Sep 15 08:19:46 PM EDT 2025] ❤️ Runner heartbeat
[Mon Sep 15 08:19:46 PM EDT 2025] ❤️ Runner heartbeat
[Mon Sep 15 08:20:17 PM EDT 2025] ❤️ Runner heartbeat
[Mon Sep 15 08:20:17 PM EDT 2025] ❤️ Runner heartbeat
[Mon Sep 15 08:21:08 PM EDT 2025] ❤️ Runner heartbeat
[Mon Sep 15 08:21:08 PM EDT 2025] ❤️ Runner heartbeat
[Mon Sep 15 08:21:38 PM EDT 2025] ❤️ Runner heartbeat
[Mon Sep 15 08:21:38 PM EDT 2025] ❤️ Runner heartbeat
[Mon Sep 15 08:22:09 PM EDT 2025] ❤️ Runner heartbeat
[Mon Sep 15 08:22:09 PM EDT 2025] ❤️ Runner heartbeat
[Mon Sep 15 08:22:39 PM EDT 2025] ❤️ Runner heartbeat
[Mon Sep 15 08:22:39 PM EDT 2025] ❤️ Runner heartbeat
[Mon Sep 15 08:23:10 PM EDT 2025] ❤️ Runner heartbeat
[Mon Sep 15 08:23:10 PM EDT 2025] ❤️ Runner heartbeat
[Mon Sep 15 08:23:42 PM EDT 2025] ❤️ Runner heartbeat
[Mon Sep 15 08:23:42 PM EDT 2025] ❤️ Runner heartbeat
[Mon Sep 15 08:24:13 PM EDT 2025] ❤️ Runner heartbeat
[Mon Sep 15 08:24:13 PM EDT 2025] ❤️ Runner heartbeat
[Mon Sep 15 08:24:43 PM EDT 2025] ❤️ Runner heartbeat
[Mon Sep 15 08:24:43 PM EDT 2025] ❤️ Runner heartbeat
[Mon Sep 15 08:25:13 PM EDT 2025] ❤️ Runner heartbeat
[Mon Sep 15 08:25:13 PM EDT 2025] ❤️ Runner heartbeat
[Mon Sep 15 08:25:43 PM EDT 2025] ❤️ Runner heartbeat
[Mon Sep 15 08:25:43 PM EDT 2025] ❤️ Runner heartbeat
[Mon Sep 15 08:26:15 PM EDT 2025] ❤️ Runner heartbeat
[Mon Sep 15 08:26:15 PM EDT 2025] ❤️ Runner heartbeat
[Mon Sep 15 08:26:45 PM EDT 2025] ❤️ Runner heartbeat
[Mon Sep 15 08:26:45 PM EDT 2025] ❤️ Runner heartbeat
[Mon Sep 15 08:27:18 PM EDT 2025] ❤️ Runner heartbeat
[Mon Sep 15 08:27:18 PM EDT 2025] ❤️ Runner heartbeat
[Mon Sep 15 08:27:48 PM EDT 2025] ❤️ Runner heartbeat
[Mon Sep 15 08:27:48 PM EDT 2025] ❤️ Runner heartbeat
[Mon Sep 15 08:28:19 PM EDT 2025] ❤️ Runner heartbeat
[Mon Sep 15 08:28:19 PM EDT 2025] ❤️ Runner heartbeat
[Mon Sep 15 08:28:51 PM EDT 2025] ❤️ Runner heartbeat
[Mon Sep 15 08:28:51 PM EDT 2025] ❤️ Runner heartbeat
[Mon Sep 15 08:29:23 PM EDT 2025] ❤️ Runner heartbeat
[Mon Sep 15 08:29:23 PM EDT 2025] ❤️ Runner heartbeat
[Mon Sep 15 08:29:55 PM EDT 2025] ❤️ Runner heartbeat
[Mon Sep 15 08:29:55 PM EDT 2025] ❤️ Runner heartbeat
[Mon Sep 15 08:30:25 PM EDT 2025] ❤️ Runner heartbeat
[Mon Sep 15 08:30:25 PM EDT 2025] ❤️ Runner heartbeat
[Mon Sep 15 08:30:56 PM EDT 2025] ❤️ Runner heartbeat
[Mon Sep 15 08:30:56 PM EDT 2025] ❤️ Runner heartbeat
[Mon Sep 15 08:31:26 PM EDT 2025] ❤️ Runner heartbeat
[Mon Sep 15 08:31:26 PM EDT 2025] ❤️ Runner heartbeat
[Mon Sep 15 08:31:56 PM EDT 2025] ❤️ Runner heartbeat
[Mon Sep 15 08:31:56 PM EDT 2025] ❤️ Runner heartbeat
[Mon Sep 15 08:32:27 PM EDT 2025] ❤️ Runner heartbeat
[Mon Sep 15 08:32:27 PM EDT 2025] ❤️ Runner heartbeat
[Mon Sep 15 08:32:58 PM EDT 2025] ❤️ Runner heartbeat
[Mon Sep 15 08:32:58 PM EDT 2025] ❤️ Runner heartbeat
[Mon Sep 15 08:33:28 PM EDT 2025] ❤️ Runner heartbeat
[Mon Sep 15 08:33:28 PM EDT 2025] ❤️ Runner heartbeat
[Mon Sep 15 08:33:58 PM EDT 2025] ❤️ Runner heartbeat
[Mon Sep 15 08:33:58 PM EDT 2025] ❤️ Runner heartbeat
[Mon Sep 15 08:34:29 PM EDT 2025] ❤️ Runner heartbeat
[Mon Sep 15 08:34:29 PM EDT 2025] ❤️ Runner heartbeat
[Mon Sep 15 08:35:02 PM EDT 2025] ❤️ Runner heartbeat
[Mon Sep 15 08:35:02 PM EDT 2025] ❤️ Runner heartbeat
[Mon Sep 15 08:35:51 PM EDT 2025] ❤️ Runner heartbeat
[Mon Sep 15 08:35:51 PM EDT 2025] ❤️ Runner heartbeat
[Mon Sep 15 08:36:37 PM EDT 2025] ❤️ Runner heartbeat
[Mon Sep 15 08:36:37 PM EDT 2025] ❤️ Runner heartbeat
[Mon Sep 15 08:37:35 PM EDT 2025] ❤️ Runner heartbeat
[Mon Sep 15 08:37:35 PM EDT 2025] ❤️ Runner heartbeat
[Mon Sep 15 08:38:19 PM EDT 2025] ❤️ Runner heartbeat
[Mon Sep 15 08:38:19 PM EDT 2025] ❤️ Runner heartbeat
[Mon Sep 15 08:39:01 PM EDT 2025] ❤️ Runner heartbeat
[Mon Sep 15 08:39:01 PM EDT 2025] ❤️ Runner heartbeat
[Mon Sep 15 08:39:39 PM EDT 2025] ❤️ Runner heartbeat
[Mon Sep 15 08:39:39 PM EDT 2025] ❤️ Runner heartbeat
[Mon Sep 15 08:40:10 PM EDT 2025] ❤️ Runner heartbeat
[Mon Sep 15 08:40:10 PM EDT 2025] ❤️ Runner heartbeat
[Mon Sep 15 08:40:41 PM EDT 2025] ❤️ Runner heartbeat
[Mon Sep 15 08:40:41 PM EDT 2025] ❤️ Runner heartbeat
[Mon Sep 15 08:41:31 PM EDT 2025] ❤️ Runner heartbeat
[Mon Sep 15 08:41:31 PM EDT 2025] ❤️ Runner heartbeat
[Mon Sep 15 08:42:09 PM EDT 2025] ❤️ Runner heartbeat
[Mon Sep 15 08:42:09 PM EDT 2025] ❤️ Runner heartbeat
[Mon Sep 15 08:42:40 PM EDT 2025] ❤️ Runner heartbeat
[Mon Sep 15 08:42:40 PM EDT 2025] ❤️ Runner heartbeat
[Mon Sep 15 08:43:50 PM EDT 2025] ❤️ Runner heartbeat
[Mon Sep 15 08:43:50 PM EDT 2025] ❤️ Runner heartbeat
[Mon Sep 15 08:44:35 PM EDT 2025] ❤️ Runner heartbeat
[Mon Sep 15 08:44:35 PM EDT 2025] ❤️ Runner heartbeat
[Mon Sep 15 08:45:18 PM EDT 2025] ❤️ Runner heartbeat
[Mon Sep 15 08:45:18 PM EDT 2025] ❤️ Runner heartbeat
[Mon Sep 15 08:46:09 PM EDT 2025] ❤️ Runner heartbeat
[Mon Sep 15 08:46:09 PM EDT 2025] ❤️ Runner heartbeat
[Mon Sep 15 08:47:55 PM EDT 2025] ❤️ Runner heartbeat
[Mon Sep 15 08:47:55 PM EDT 2025] ❤️ Runner heartbeat
[Mon Sep 15 08:48:46 PM EDT 2025] ❤️ Runner heartbeat
[Mon Sep 15 08:48:46 PM EDT 2025] ❤️ Runner heartbeat
[Mon Sep 15 08:49:18 PM EDT 2025] ❤️ Runner heartbeat
[Mon Sep 15 08:49:18 PM EDT 2025] ❤️ Runner heartbeat
[Mon Sep 15 08:49:52 PM EDT 2025] ❤️ Runner heartbeat
[Mon Sep 15 08:49:52 PM EDT 2025] ❤️ Runner heartbeat
[Mon Sep 15 08:50:24 PM EDT 2025] ❤️ Runner heartbeat
[Mon Sep 15 08:50:24 PM EDT 2025] ❤️ Runner heartbeat
[Mon Sep 15 08:50:55 PM EDT 2025] ❤️ Runner heartbeat
[Mon Sep 15 08:50:55 PM EDT 2025] ❤️ Runner heartbeat
[Mon Sep 15 08:51:26 PM EDT 2025] ❤️ Runner heartbeat
[Mon Sep 15 08:51:26 PM EDT 2025] ❤️ Runner heartbeat
[Mon Sep 15 08:52:07 PM EDT 2025] ❤️ Runner heartbeat
[Mon Sep 15 08:52:07 PM EDT 2025] ❤️ Runner heartbeat
[Mon Sep 15 08:52:46 PM EDT 2025] ❤️ Runner heartbeat
[Mon Sep 15 08:52:46 PM EDT 2025] ❤️ Runner heartbeat
[Mon Sep 15 08:53:23 PM EDT 2025] ❤️ Runner heartbeat
[Mon Sep 15 08:53:23 PM EDT 2025] ❤️ Runner heartbeat
[Mon Sep 15 08:54:06 PM EDT 2025] ❤️ Runner heartbeat
[Mon Sep 15 08:54:06 PM EDT 2025] ❤️ Runner heartbeat
[Mon Sep 15 08:54:36 PM EDT 2025] ❤️ Runner heartbeat
[Mon Sep 15 08:54:36 PM EDT 2025] ❤️ Runner heartbeat
[Mon Sep 15 08:55:06 PM EDT 2025] ❤️ Runner heartbeat
[Mon Sep 15 08:55:06 PM EDT 2025] ❤️ Runner heartbeat
[Mon Sep 15 08:55:36 PM EDT 2025] ❤️ Runner heartbeat
[Mon Sep 15 08:55:36 PM EDT 2025] ❤️ Runner heartbeat
[Mon Sep 15 08:56:07 PM EDT 2025] ❤️ Runner heartbeat
[Mon Sep 15 08:56:07 PM EDT 2025] ❤️ Runner heartbeat
[Mon Sep 15 08:56:39 PM EDT 2025] ❤️ Runner heartbeat
[Mon Sep 15 08:56:39 PM EDT 2025] ❤️ Runner heartbeat
[Mon Sep 15 08:57:09 PM EDT 2025] ❤️ Runner heartbeat
[Mon Sep 15 08:57:09 PM EDT 2025] ❤️ Runner heartbeat
[Mon Sep 15 08:57:39 PM EDT 2025] ❤️ Runner heartbeat
[Mon Sep 15 08:57:39 PM EDT 2025] ❤️ Runner heartbeat
[Mon Sep 15 08:58:09 PM EDT 2025] ❤️ Runner heartbeat
[Mon Sep 15 08:58:09 PM EDT 2025] ❤️ Runner heartbeat
[Mon Sep 15 08:58:45 PM EDT 2025] ❤️ Runner heartbeat
[Mon Sep 15 08:58:45 PM EDT 2025] ❤️ Runner heartbeat
[Mon Sep 15 08:59:15 PM EDT 2025] ❤️ Runner heartbeat
[Mon Sep 15 08:59:15 PM EDT 2025] ❤️ Runner heartbeat
[Mon Sep 15 08:59:45 PM EDT 2025] ❤️ Runner heartbeat
[Mon Sep 15 08:59:45 PM EDT 2025] ❤️ Runner heartbeat
[Mon Sep 15 09:00:15 PM EDT 2025] ❤️ Runner heartbeat
[Mon Sep 15 09:00:15 PM EDT 2025] ❤️ Runner heartbeat
[Mon Sep 15 09:01:03 PM EDT 2025] ❤️ Runner heartbeat
[Mon Sep 15 09:01:03 PM EDT 2025] ❤️ Runner heartbeat
[Mon Sep 15 09:01:33 PM EDT 2025] ❤️ Runner heartbeat
[Mon Sep 15 09:01:33 PM EDT 2025] ❤️ Runner heartbeat
[Mon Sep 15 09:02:04 PM EDT 2025] ❤️ Runner heartbeat
[Mon Sep 15 09:02:04 PM EDT 2025] ❤️ Runner heartbeat
[Mon Sep 15 09:02:34 PM EDT 2025] ❤️ Runner heartbeat
[Mon Sep 15 09:02:34 PM EDT 2025] ❤️ Runner heartbeat
[Mon Sep 15 09:03:04 PM EDT 2025] ❤️ Runner heartbeat
[Mon Sep 15 09:03:04 PM EDT 2025] ❤️ Runner heartbeat
[Mon Sep 15 09:03:34 PM EDT 2025] ❤️ Runner heartbeat
[Mon Sep 15 09:03:34 PM EDT 2025] ❤️ Runner heartbeat
[Mon Sep 15 09:04:04 PM EDT 2025] ❤️ Runner heartbeat
[Mon Sep 15 09:04:04 PM EDT 2025] ❤️ Runner heartbeat
[Mon Sep 15 09:04:34 PM EDT 2025] ❤️ Runner heartbeat
[Mon Sep 15 09:04:34 PM EDT 2025] ❤️ Runner heartbeat
[Mon Sep 15 09:05:04 PM EDT 2025] ❤️ Runner heartbeat
[Mon Sep 15 09:05:04 PM EDT 2025] ❤️ Runner heartbeat
[Mon Sep 15 09:05:34 PM EDT 2025] ❤️ Runner heartbeat
[Mon Sep 15 09:05:34 PM EDT 2025] ❤️ Runner heartbeat
[Mon Sep 15 09:06:05 PM EDT 2025] ❤️ Runner heartbeat
[Mon Sep 15 09:06:05 PM EDT 2025] ❤️ Runner heartbeat
[Mon Sep 15 09:06:35 PM EDT 2025] ❤️ Runner heartbeat
[Mon Sep 15 09:06:35 PM EDT 2025] ❤️ Runner heartbeat
[Mon Sep 15 09:07:05 PM EDT 2025] ❤️ Runner heartbeat
[Mon Sep 15 09:07:05 PM EDT 2025] ❤️ Runner heartbeat
[Mon Sep 15 09:07:35 PM EDT 2025] ❤️ Runner heartbeat
[Mon Sep 15 09:07:35 PM EDT 2025] ❤️ Runner heartbeat
[Mon Sep 15 09:08:05 PM EDT 2025] ❤️ Runner heartbeat
[Mon Sep 15 09:08:05 PM EDT 2025] ❤️ Runner heartbeat
[Mon Sep 15 09:08:36 PM EDT 2025] ❤️ Runner heartbeat
[Mon Sep 15 09:08:36 PM EDT 2025] ❤️ Runner heartbeat
[Mon Sep 15 09:09:06 PM EDT 2025] ❤️ Runner heartbeat
[Mon Sep 15 09:09:06 PM EDT 2025] ❤️ Runner heartbeat
[Mon Sep 15 09:09:36 PM EDT 2025] ❤️ Runner heartbeat
[Mon Sep 15 09:09:36 PM EDT 2025] ❤️ Runner heartbeat
[Mon Sep 15 09:10:06 PM EDT 2025] ❤️ Runner heartbeat
[Mon Sep 15 09:10:06 PM EDT 2025] ❤️ Runner heartbeat
[Mon Sep 15 09:10:45 PM EDT 2025] ❤️ Runner heartbeat
[Mon Sep 15 09:10:45 PM EDT 2025] ❤️ Runner heartbeat
[Mon Sep 15 09:11:17 PM EDT 2025] ❤️ Runner heartbeat
[Mon Sep 15 09:11:17 PM EDT 2025] ❤️ Runner heartbeat
[Mon Sep 15 09:11:48 PM EDT 2025] ❤️ Runner heartbeat
[Mon Sep 15 09:11:49 PM EDT 2025] ❤️ Runner heartbeat
[Mon Sep 15 09:12:20 PM EDT 2025] ❤️ Runner heartbeat
[Mon Sep 15 09:12:20 PM EDT 2025] ❤️ Runner heartbeat
[Mon Sep 15 09:12:54 PM EDT 2025] ❤️ Runner heartbeat
[Mon Sep 15 09:12:54 PM EDT 2025] ❤️ Runner heartbeat
[Mon Sep 15 09:13:29 PM EDT 2025] ❤️ Runner heartbeat
[Mon Sep 15 09:13:29 PM EDT 2025] ❤️ Runner heartbeat
[Mon Sep 15 09:14:14 PM EDT 2025] ❤️ Runner heartbeat
[Mon Sep 15 09:14:14 PM EDT 2025] ❤️ Runner heartbeat
[Mon Sep 15 09:15:23 PM EDT 2025] ❤️ Runner heartbeat
[Mon Sep 15 09:15:23 PM EDT 2025] ❤️ Runner heartbeat
[Mon Sep 15 09:20:59 PM EDT 2025] ❤️ Runner heartbeat
[Mon Sep 15 09:20:59 PM EDT 2025] ❤️ Runner heartbeat
[Mon Sep 15 09:23:10 PM EDT 2025] ❤️ Runner heartbeat
[Mon Sep 15 09:23:10 PM EDT 2025] ❤️ Runner heartbeat
[Mon Sep 15 09:23:46 PM EDT 2025] ❤️ Runner heartbeat
[Mon Sep 15 09:23:46 PM EDT 2025] ❤️ Runner heartbeat
[Mon Sep 15 09:24:17 PM EDT 2025] ❤️ Runner heartbeat
[Mon Sep 15 09:24:17 PM EDT 2025] ❤️ Runner heartbeat
[Mon Sep 15 09:24:47 PM EDT 2025] ❤️ Runner heartbeat
[Mon Sep 15 09:24:47 PM EDT 2025] ❤️ Runner heartbeat
[Mon Sep 15 09:25:17 PM EDT 2025] ❤️ Runner heartbeat
[Mon Sep 15 09:25:17 PM EDT 2025] ❤️ Runner heartbeat
[Mon Sep 15 09:25:48 PM EDT 2025] ❤️ Runner heartbeat
[Mon Sep 15 09:25:48 PM EDT 2025] ❤️ Runner heartbeat
[Mon Sep 15 09:26:18 PM EDT 2025] ❤️ Runner heartbeat
[Mon Sep 15 09:26:18 PM EDT 2025] ❤️ Runner heartbeat
[Mon Sep 15 09:26:49 PM EDT 2025] ❤️ Runner heartbeat
[Mon Sep 15 09:26:49 PM EDT 2025] ❤️ Runner heartbeat
[Mon Sep 15 09:27:19 PM EDT 2025] ❤️ Runner heartbeat
[Mon Sep 15 09:27:19 PM EDT 2025] ❤️ Runner heartbeat
[Mon Sep 15 09:27:49 PM EDT 2025] ❤️ Runner heartbeat
[Mon Sep 15 09:27:49 PM EDT 2025] ❤️ Runner heartbeat
[Mon Sep 15 09:28:19 PM EDT 2025] ❤️ Runner heartbeat
[Mon Sep 15 09:28:19 PM EDT 2025] ❤️ Runner heartbeat
[Mon Sep 15 09:29:01 PM EDT 2025] ❤️ Runner heartbeat
[Mon Sep 15 09:29:01 PM EDT 2025] ❤️ Runner heartbeat
[Mon Sep 15 09:30:07 PM EDT 2025] ❤️ Runner heartbeat
[Mon Sep 15 09:30:07 PM EDT 2025] ❤️ Runner heartbeat
[Mon Sep 15 09:31:17 PM EDT 2025] ❤️ Runner heartbeat
[Mon Sep 15 09:31:18 PM EDT 2025] ❤️ Runner heartbeat
[Mon Sep 15 09:32:29 PM EDT 2025] ❤️ Runner heartbeat
[Mon Sep 15 09:32:29 PM EDT 2025] ❤️ Runner heartbeat
[Mon Sep 15 09:33:44 PM EDT 2025] ❤️ Runner heartbeat
[Mon Sep 15 09:33:44 PM EDT 2025] ❤️ Runner heartbeat
[Mon Sep 15 09:34:39 PM EDT 2025] ❤️ Runner heartbeat
[Mon Sep 15 09:34:39 PM EDT 2025] ❤️ Runner heartbeat
[Mon Sep 15 09:35:18 PM EDT 2025] ❤️ Runner heartbeat
[Mon Sep 15 09:35:18 PM EDT 2025] ❤️ Runner heartbeat
[Mon Sep 15 09:36:32 PM EDT 2025] ❤️ Runner heartbeat
[Mon Sep 15 09:36:32 PM EDT 2025] ❤️ Runner heartbeat
[Mon Sep 15 09:37:04 PM EDT 2025] ❤️ Runner heartbeat
[Mon Sep 15 09:37:04 PM EDT 2025] ❤️ Runner heartbeat
[Mon Sep 15 09:37:50 PM EDT 2025] ❤️ Runner heartbeat
[Mon Sep 15 09:37:50 PM EDT 2025] ❤️ Runner heartbeat
[Mon Sep 15 09:40:17 PM EDT 2025] ❤️ Runner heartbeat
[Mon Sep 15 09:40:17 PM EDT 2025] ❤️ Runner heartbeat
[Mon Sep 15 09:41:55 PM EDT 2025] ❤️ Runner heartbeat
[Mon Sep 15 09:41:55 PM EDT 2025] ❤️ Runner heartbeat
[Mon Sep 15 09:42:48 PM EDT 2025] ❤️ Runner heartbeat
[Mon Sep 15 09:42:48 PM EDT 2025] ❤️ Runner heartbeat
[Mon Sep 15 09:43:20 PM EDT 2025] ❤️ Runner heartbeat
[Mon Sep 15 09:43:20 PM EDT 2025] ❤️ Runner heartbeat
[Mon Sep 15 09:44:19 PM EDT 2025] ❤️ Runner heartbeat
[Mon Sep 15 09:44:19 PM EDT 2025] ❤️ Runner heartbeat
[Mon Sep 15 09:46:37 PM EDT 2025] ❤️ Runner heartbeat
[Mon Sep 15 09:46:37 PM EDT 2025] ❤️ Runner heartbeat
[Mon Sep 15 09:47:21 PM EDT 2025] ❤️ Runner heartbeat
[Mon Sep 15 09:47:21 PM EDT 2025] ❤️ Runner heartbeat
